<?xml version="1.0" encoding="UTF-8" ?>
<testsuite errors="0" failures="0" name="edu.duke.cabig.catrip.test.system.JUnitDocReportTest" tests="1" time="5.737">
  <properties>
    <property name="java.vendor" value="Sun Microsystems Inc."></property>
    <property name="lib.dir" value="C:\caBIG\catrip\codebase\projects\test-system/lib"></property>
    <property name="sun.management.compiler" value="HotSpot Client Compiler"></property>
    <property name="test.project.jar" value="C:\caBIG\catrip\codebase\projects\test-system\build\jars\catrip-test-system-tests-1.0.jar"></property>
    <property name="env.PROMPT" value="$P$G"></property>
    <property name="env.MAKO_HOME" value="C:\RProteomics\rproteomics-1-0\rproteomics\share\mako"></property>
    <property name="os.name" value="Windows XP"></property>
    <property name="env.FP_NO_HOST_CHECK" value="NO"></property>
    <property name="cobertura.home" value="C:\caBIG\catrip\codebase\share\cobertura-1.8"></property>
    <property name="sun.boot.class.path" value="C:\jdk1.5.0_03\jre\lib\rt.jar;C:\jdk1.5.0_03\jre\lib\i18n.jar;C:\jdk1.5.0_03\jre\lib\sunrsasign.jar;C:\jdk1.5.0_03\jre\lib\jsse.jar;C:\jdk1.5.0_03\jre\lib\jce.jar;C:\jdk1.5.0_03\jre\lib\charsets.jar;C:\jdk1.5.0_03\jre\classes"></property>
    <property name="env.COMPUTERNAME" value="CCIS2005"></property>
    <property name="env.ALLUSERSPROFILE" value="C:\Documents and Settings\All Users"></property>
    <property name="sun.desktop" value="windows"></property>
    <property name="java.vm.specification.vendor" value="Sun Microsystems Inc."></property>
    <property name="net.sourceforge.cobertura.datafile" value="C:\caBIG\catrip\codebase\projects\test-system\test\logs\queryengine.ser"></property>
    <property name="ant.home" value="C:\apache-ant-1.6.2"></property>
    <property name="jar.dir" value="C:\caBIG\catrip\codebase\projects\test-system/build/jars"></property>
    <property name="java.runtime.version" value="1.5.0_03-b07"></property>
    <property name="env.GLOBUS_LOCATION" value="C:\Globus4.0.2"></property>
    <property name="env.HOMEPATH" value="\Documents and Settings\MCCON012"></property>
    <property name="env.HOMESHARE" value="\\CANCERLAN2\MCCON012$"></property>
    <property name="env.AXIS_HOME" value="C:\RProteomics\rproteomics-1-0\rproteomics\share\axis"></property>
    <property name="user.name" value="MCCON012"></property>
    <property name="test.classes.dir" value="C:\caBIG\catrip\codebase\projects\test-system\build\classes-test"></property>
    <property name="ant.file.catrip-1.0-test-system" value="C:\caBIG\catrip\codebase\projects\test-system\build.xml"></property>
    <property name="debug" value="on"></property>
    <property name="build.dir" value="C:\caBIG\catrip\codebase\projects\test-system/build"></property>
    <property name="ext.lib.dir" value="C:\caBIG\catrip\codebase\projects\test-system/ext/lib"></property>
    <property name="env.R_HOME" value="C:\Program Files\R\r-2.2.0"></property>
    <property name="user.language" value="en"></property>
    <property name="sun.boot.library.path" value="C:\jdk1.5.0_03\jre\bin"></property>
    <property name="env.MYSQL_HOME" value="c:\mysql4.0.22"></property>
    <property name="ant.project.name" value="catrip-1.0-test-system"></property>
    <property name="java.version" value="1.5.0_03"></property>
    <property name="env.PROCESSOR_IDENTIFIER" value="x86 Family 6 Model 9 Stepping 5, GenuineIntel"></property>
    <property name="user.timezone" value=""></property>
    <property name="env.INCLUDE" value="C:\Program Files\Microsoft Visual Studio .NET 2003\SDK\v1.1\include\;C:\Program Files\Microsoft Visual Studio\VC98\atl\include;C:\Program Files\Microsoft Visual Studio\VC98\mfc\include;C:\Program Files\Microsoft Visual Studio\VC98\include"></property>
    <property name="ext.test.lib.dir" value="C:\caBIG\catrip\codebase\projects\test-system\ext\test\lib"></property>
    <property name="env.TEMP" value="C:\DOCUME~1\MCCON012\LOCALS~1\Temp"></property>
    <property name="sun.arch.data.model" value="32"></property>
    <property name="test.src.dir" value="C:\caBIG\catrip\codebase\projects\test-system\test\src\java"></property>
    <property name="java.endorsed.dirs" value="C:\jdk1.5.0_03\jre\lib\endorsed"></property>
    <property name="env._JAVACMD" value="C:\jdk1.5.0_03\bin\java"></property>
    <property name="sun.cpu.isalist" value="pentium_pro+mmx pentium_pro pentium+mmx pentium i486 i386 i86"></property>
    <property name="env.HOMEDRIVE" value="C:"></property>
    <property name="sun.jnu.encoding" value="Cp1252"></property>
    <property name="file.encoding.pkg" value="sun.io"></property>
    <property name="file.separator" value="\"></property>
    <property name="java.specification.name" value="Java Platform API Specification"></property>
    <property name="test.lib.dir" value="C:\caBIG\catrip\codebase\projects\test-system\test\lib"></property>
    <property name="env.JAVACMD" value="C:\jdk1.5.0_03\bin\java"></property>
    <property name="classes.dir" value="C:\caBIG\catrip\codebase\projects\test-system/build/classes"></property>
    <property name="java.class.version" value="49.0"></property>
    <property name="project.jarfile" value="C:\caBIG\catrip\codebase\projects\test-system/build/jars/catrip-test-system-1.0.jar"></property>
    <property name="user.country" value="US"></property>
    <property name="java.home" value="C:\jdk1.5.0_03\jre"></property>
    <property name="env.APPDATA" value="C:\Documents and Settings\MCCON012\Application Data"></property>
    <property name="java.vm.info" value="mixed mode, sharing"></property>
    <property name="env.CATALINA_HOME" value="C:\Tomcat-clean-5.0.28"></property>
    <property name="env.ComSpec" value="C:\WINDOWS\system32\cmd.exe"></property>
    <property name="env.OS" value="Windows_NT"></property>
    <property name="env.CommonProgramFiles" value="C:\Program Files\Common Files"></property>
    <property name="ant.file" value="C:\caBIG\catrip\codebase\projects\test-system\build.xml"></property>
    <property name="os.version" value="5.1"></property>
    <property name="env.GLOBUS_HOME" value="C:\Globus4.0.2"></property>
    <property name="globus.dir" value="C:\Globus4.0.2"></property>
    <property name="path.separator" value=";"></property>
    <property name="java.vm.version" value="1.5.0_03-b07"></property>
    <property name="env.USERPROFILE" value="C:\Documents and Settings\MCCON012"></property>
    <property name="user.variant" value=""></property>
    <property name="ant.library.dir" value="C:\apache-ant-1.6.2\lib"></property>
    <property name="env.LIB" value="C:\Program Files\Microsoft Visual Studio .NET 2003\SDK\v1.1\Lib\;C:\Program Files\Microsoft Visual Studio\VC98\mfc\lib;C:\Program Files\Microsoft Visual Studio\VC98\lib"></property>
    <property name="env.JAVA_HOME" value="C:\jdk1.5.0_03"></property>
    <property name="java.awt.printerjob" value="sun.awt.windows.WPrinterJob"></property>
    <property name="env.TMP" value="C:\DOCUME~1\MCCON012\LOCALS~1\Temp"></property>
    <property name="sun.io.unicode.encoding" value="UnicodeLittle"></property>
    <property name="awt.toolkit" value="sun.awt.windows.WToolkit"></property>
    <property name="env.MSDevDir" value="C:\Program Files\Microsoft Visual Studio\Common\MSDev98"></property>
    <property name="user.home" value="C:\Documents and Settings\MCCON012"></property>
    <property name="env.CAWORKBENCH_HOME" value="C:\Program Files\caWorkBench2.0"></property>
    <property name="env.SESSIONNAME" value="Console"></property>
    <property name="env.CLASSPATH" value=";C:\orabpel\lib\olite40.jar"></property>
    <property name="java.specification.vendor" value="Sun Microsystems Inc."></property>
    <property name="ant.file.catrip-1.0-test-system-test" value="C:\caBIG\catrip\codebase\projects\test-system\antfiles\build-test.xml"></property>
    <property name="test.dir" value="C:\caBIG\catrip\codebase\projects\test-system\test"></property>
    <property name="java.vendor.url" value="http://java.sun.com/"></property>
    <property name="java.library.path" value="C:\jdk1.5.0_03\jre\bin;.;C:\WINDOWS\system32;C:\WINDOWS;C:\cvssh\dist\cvssh;C:\texmf\miktex\bin;c:\MinGW\tools\bin;c:\MinGW\tools;c:\MinGW\bin;c:\MinGW;c:\Program Files\tools;c:\Program Files\Mssh;c:\j2sdk1.4.2_04\bin;C:\apache-ant-1.6.2\bin;C:\PROGRA~1\R\r-2.2.0\bin;c:\python23;C:\PROGRA~1\CMake20\bin;C:\per5.8\bin\;C:\perl\bin\;C:\PROGRAM FILES\THINKPAD\UTILITIES;C:\WINDOWS\system32;C:\WINDOWS;C:\WINDOWS\System32\Wbem;C:\Program Files\ATI Technologies\ATI Control Panel;C:\PROGRA~1\F-Secure\Ssh;C:\orabpel\bin;C:\Program Files\cvsnt;C:\Program Files\R\rw2000\bin;C:\PROGRA~1\GNU\WINCVS~1.3\CVSNT;C:\apache2\axis\lib;C:\Program Files\Common Files\GTK\2.0\bin;C:\jwsdp-1.5\jwsdp-shared\bin;C:\jdk1.5.0_03\bin;C:\apache-ant-1.6.2\bin;C:\Globus4.0.2\bin;%GLOBUS_ROOT\bin;C:\jwsdp-1.4\jwsdp-shared\bin;C:\Program Files\Microsoft Visual Studio\Common\Tools\WinNT;C:\Program Files\Microsoft Visual Studio\Common\MSDev98\Bin;C:\Program Files\Microsoft Visual Studio\Common\Tools;C:\Program Files\Microsoft Visual Studio\VC98\bin;C:\orabpel\bin"></property>
    <property name="env.NUMBER_OF_PROCESSORS" value="1"></property>
    <property name="java.vm.vendor" value="Sun Microsystems Inc."></property>
    <property name="env.AXISCPP_DEPLOY" value="C:\apache2\axis"></property>
    <property name="java.runtime.name" value="Java(TM) 2 Runtime Environment, Standard Edition"></property>
    <property name="ant.version" value="Apache Ant version 1.6.2 compiled on July 16 2004"></property>
    <property name="java.class.path" value="C:\caBIG\catrip\codebase\projects\test-system\build\jars\catrip-test-system-1.0.jar;C:\caBIG\catrip\codebase\projects\test-system\build\jars\catrip-test-system-tests-1.0.jar;C:\jdk1.5.0_03\lib\tools.jar;C:\caBIG\catrip\codebase\projects\test-system\ext\lib\cagrid-1.0-tests-core-1.0-test.jar;C:\caBIG\catrip\codebase\projects\test-system\ext\lib\cagrid-1.0-tests-core-1.0.jar;C:\caBIG\catrip\codebase\projects\test-system\test\lib\abbot.jar;C:\caBIG\catrip\codebase\projects\test-system\test\lib\ao-util.jar;C:\caBIG\catrip\codebase\projects\test-system\test\lib\docall.jar;C:\caBIG\catrip\codebase\projects\test-system\test\lib\gnu-regexp-110.jar;C:\caBIG\catrip\codebase\projects\test-system\test\lib\shaste-1.0.jar;C:\caBIG\catrip\codebase\projects\test-system\test\lib\uispec4j-0.15.jar;C:\caBIG\catrip\codebase\projects\test-system\ext\test\lib\junit.jar;C:\Globus4.0.2\lib\addressing-1.0.jar;C:\Globus4.0.2\lib\axis-url.jar;C:\Globus4.0.2\lib\axis.jar;C:\Globus4.0.2\lib\bootstrap.jar;C:\Globus4.0.2\lib\cog-axis.jar;C:\Globus4.0.2\lib\cog-jglobus.jar;C:\Globus4.0.2\lib\cog-tomcat.jar;C:\Globus4.0.2\lib\cog-url.jar;C:\Globus4.0.2\lib\commonj.jar;C:\Globus4.0.2\lib\commons-beanutils.jar;C:\Globus4.0.2\lib\commons-cli-2.0.jar;C:\Globus4.0.2\lib\commons-collections-3.0.jar;C:\Globus4.0.2\lib\commons-digester.jar;C:\Globus4.0.2\lib\commons-discovery.jar;C:\Globus4.0.2\lib\commons-logging.jar;C:\Globus4.0.2\lib\concurrent.jar;C:\Globus4.0.2\lib\cryptix-asn1.jar;C:\Globus4.0.2\lib\cryptix.jar;C:\Globus4.0.2\lib\cryptix32.jar;C:\Globus4.0.2\lib\globus_usage_core.jar;C:\Globus4.0.2\lib\globus_usage_packets_common.jar;C:\Globus4.0.2\lib\globus_wsrf_tools_test.jar;C:\Globus4.0.2\lib\jaxrpc.jar;C:\Globus4.0.2\lib\jce-jdk13-125.jar;C:\Globus4.0.2\lib\jgss.jar;C:\Globus4.0.2\lib\junit.jar;C:\Globus4.0.2\lib\log4j-1.2.8.jar;C:\Globus4.0.2\lib\naming-common.jar;C:\Globus4.0.2\lib\naming-factory.jar;C:\Globus4.0.2\lib\naming-java.jar;C:\Globus4.0.2\lib\naming-resources.jar;C:\Globus4.0.2\lib\opensaml.jar;C:\Globus4.0.2\lib\puretls.jar;C:\Globus4.0.2\lib\resolver.jar;C:\Globus4.0.2\lib\saaj.jar;C:\Globus4.0.2\lib\wsdl4j.jar;C:\Globus4.0.2\lib\wsrf_common.jar;C:\Globus4.0.2\lib\wsrf_core.jar;C:\Globus4.0.2\lib\wsrf_core_registry.jar;C:\Globus4.0.2\lib\wsrf_core_registry_stubs.jar;C:\Globus4.0.2\lib\wsrf_core_samples_authzService.jar;C:\Globus4.0.2\lib\wsrf_core_samples_authzService_stubs.jar;C:\Globus4.0.2\lib\wsrf_core_samples_counter.jar;C:\Globus4.0.2\lib\wsrf_core_samples_counter_stubs.jar;C:\Globus4.0.2\lib\wsrf_core_samples_mgmt.jar;C:\Globus4.0.2\lib\wsrf_core_samples_mgmt_stubs.jar;C:\Globus4.0.2\lib\wsrf_core_stubs.jar;C:\Globus4.0.2\lib\wsrf_provider_jce.jar;C:\Globus4.0.2\lib\wsrf_test.jar;C:\Globus4.0.2\lib\wsrf_test_interop.jar;C:\Globus4.0.2\lib\wsrf_test_interop_stubs.jar;C:\Globus4.0.2\lib\wsrf_test_unit.jar;C:\Globus4.0.2\lib\wsrf_test_unit_stubs.jar;C:\Globus4.0.2\lib\wsrf_tools.jar;C:\Globus4.0.2\lib\wss4j.jar;C:\Globus4.0.2\lib\xalan.jar;C:\Globus4.0.2\lib\xercesImpl.jar;C:\Globus4.0.2\lib\xml-apis.jar;C:\Globus4.0.2\lib\xmlsec.jar;C:\caBIG\catrip\codebase\share\cobertura-1.8\cobertura.jar;C:\caBIG\catrip\codebase\share\cobertura-1.8\lib\asm-2.2.1.jar;C:\caBIG\catrip\codebase\share\cobertura-1.8\lib\jakarta-oro-2.0.8.jar;C:\caBIG\catrip\codebase\share\cobertura-1.8\lib\log4j-1.2.9.jar;C:\orabpel\lib\olite40.jar;C:\apache-ant-1.6.2\lib\junit.jar;C:\apache-ant-1.6.2\lib\ant-launcher.jar;C:\apache-ant-1.6.2\lib\ant.jar;C:\apache-ant-1.6.2\lib\ant-junit.jar"></property>
    <property name="project.version" value="1.0"></property>
    <property name="project.name" value="test-system"></property>
    <property name="env.ANT_OPTS" value="-Xmx1024m"></property>
    <property name="env.CVS_RSH" value="c:\Putty\ssh.bat"></property>
    <property name="java.vm.specification.name" value="Java Virtual Machine Specification"></property>
    <property name="env.windir" value="C:\WINDOWS"></property>
    <property name="env.LOGONSERVER" value="\\JGREENE"></property>
    <property name="java.vm.specification.version" value="1.0"></property>
    <property name="env.PROCESSOR_ARCHITECTURE" value="x86"></property>
    <property name="sun.os.patch.level" value="Service Pack 2"></property>
    <property name="sun.cpu.endian" value="little"></property>
    <property name="env.ProgramFiles" value="C:\Program Files"></property>
    <property name="env.ANT_HOME" value="C:\apache-ant-1.6.2"></property>
    <property name="java.io.tmpdir" value="C:\DOCUME~1\MCCON012\LOCALS~1\Temp\"></property>
    <property name="env.PROCESSOR_REVISION" value="0905"></property>
    <property name="java.vendor.url.bug" value="http://java.sun.com/cgi-bin/bugreport.cgi"></property>
    <property name="env.SSH_AUTH_SOCK" value="/tmp/.ssh-socket"></property>
    <property name="env.SystemRoot" value="C:\WINDOWS"></property>
    <property name="java.awt.graphicsenv" value="sun.awt.Win32GraphicsEnvironment"></property>
    <property name="os.arch" value="x86"></property>
    <property name="env.ANT_CMD_LINE_ARGS" value="test"></property>
    <property name="java.ext.dirs" value="C:\jdk1.5.0_03\jre\lib\ext"></property>
    <property name="user.dir" value="C:\caBIG\catrip\codebase\projects\test-system"></property>
    <property name="env.VS71COMNTOOLS" value="C:\Program Files\Microsoft Visual Studio .NET 2003\Common7\Tools\"></property>
    <property name="testcoverage.datafile" value="C:\caBIG\catrip\codebase\projects\test-system\test\logs\queryengine.ser"></property>
    <property name="line.separator" value="
"></property>
    <property name="java.vm.name" value="Java HotSpot(TM) Client VM"></property>
    <property name="env.PATHEXT" value=".COM;.EXE;.BAT;.CMD;.VBS;.VBE;.JS;.JSE;.WSF;.WSH"></property>
    <property name="env.Path" value="C:\cvssh\dist\cvssh;C:\texmf\miktex\bin;c:\MinGW\tools\bin;c:\MinGW\tools;c:\MinGW\bin;c:\MinGW;c:\Program Files\tools;c:\Program Files\Mssh;c:\j2sdk1.4.2_04\bin;C:\apache-ant-1.6.2\bin;C:\PROGRA~1\R\r-2.2.0\bin;c:\python23;C:\PROGRA~1\CMake20\bin;C:\per5.8\bin\;C:\perl\bin\;C:\PROGRAM FILES\THINKPAD\UTILITIES;C:\WINDOWS\system32;C:\WINDOWS;C:\WINDOWS\System32\Wbem;C:\Program Files\ATI Technologies\ATI Control Panel;C:\PROGRA~1\F-Secure\Ssh;C:\orabpel\bin;C:\Program Files\cvsnt;C:\Program Files\R\rw2000\bin;C:\PROGRA~1\GNU\WINCVS~1.3\CVSNT;C:\apache2\axis\lib;C:\Program Files\Common Files\GTK\2.0\bin;C:\jwsdp-1.5\jwsdp-shared\bin;C:\jdk1.5.0_03\bin;C:\apache-ant-1.6.2\bin;C:\Globus4.0.2\bin;%GLOBUS_ROOT\bin;C:\jwsdp-1.4\jwsdp-shared\bin;C:\Program Files\Microsoft Visual Studio\Common\Tools\WinNT;C:\Program Files\Microsoft Visual Studio\Common\MSDev98\Bin;C:\Program Files\Microsoft Visual Studio\Common\Tools;C:\Program Files\Microsoft Visual Studio\VC98\bin;C:\orabpel\bin"></property>
    <property name="basedir" value="C:\caBIG\catrip\codebase\projects\test-system"></property>
    <property name="test.logs.dir" value="C:\caBIG\catrip\codebase\projects\test-system\test\logs"></property>
    <property name="ant.java.version" value="1.5"></property>
    <property name="env.USERNAME" value="MCCON012"></property>
    <property name="env.CAGRID_LOCATION" value="C:\RProteomicsb4\caGridDownload\cagrid"></property>
    <property name="env.SystemDrive" value="C:"></property>
    <property name="file.encoding" value="Cp1252"></property>
    <property name="env.USERDOMAIN" value="CANCTR"></property>
    <property name="java.specification.version" value="1.5"></property>
    <property name="env.GT4_LOCATION" value="C:\Globus4.0.2"></property>
    <property name="src.dir" value="C:\caBIG\catrip\codebase\projects\test-system/src/java"></property>
    <property name="env.PROCESSOR_LEVEL" value="6"></property>
    <property name="junit.results.dir" value="C:\caBIG\catrip\codebase\projects\test-system\test\logs/junit"></property>
  </properties>
  <testcase classname="edu.duke.cabig.catrip.test.system.JUnitDocReportTest" name="Story" time="5.497"></testcase>
  <system-out><![CDATA[
===============================================
STORY: edu.duke.cabig.catrip.test.system.JUnitDocReportTest

> CreateJUnitDocReportAntFile (edu.duke.cabig.catrip.test.system.JUnitDocReportTest)


> RunJUnitDocReportStep (edu.duke.cabig.catrip.test.system.JUnitDocReportTest)

Buildfile: RunJUnitDocReportStep3573.xml

runreport:
[junitDocReport] C:\apache-ant-1.6.2\lib\ant-launcher.jar;C:\orabpel\lib\olite40.jar;C:\apache-ant-1.6.2\lib\ant-antlr.jar;C:\apache-ant-1.6.2\lib\ant-apache-bcel.jar;C:\apache-ant-1.6.2\lib\ant-apache-bsf.jar;C:\apache-ant-1.6.2\lib\ant-apache-log4j.jar;C:\apache-ant-1.6.2\lib\ant-apache-oro.jar;C:\apache-ant-1.6.2\lib\ant-apache-regexp.jar;C:\apache-ant-1.6.2\lib\ant-apache-resolver.jar;C:\apache-ant-1.6.2\lib\ant-commons-logging.jar;C:\apache-ant-1.6.2\lib\ant-commons-net.jar;C:\apache-ant-1.6.2\lib\ant-contrib.jar;C:\apache-ant-1.6.2\lib\ant-icontract.jar;C:\apache-ant-1.6.2\lib\ant-jai.jar;C:\apache-ant-1.6.2\lib\ant-javamail.jar;C:\apache-ant-1.6.2\lib\ant-jdepend.jar;C:\apache-ant-1.6.2\lib\ant-jmf.jar;C:\apache-ant-1.6.2\lib\ant-jsch.jar;C:\apache-ant-1.6.2\lib\ant-junit.jar;C:\apache-ant-1.6.2\lib\ant-launcher.jar;C:\apache-ant-1.6.2\lib\ant-netrexx.jar;C:\apache-ant-1.6.2\lib\ant-nodeps.jar;C:\apache-ant-1.6.2\lib\ant-starteam.jar;C:\apache-ant-1.6.2\lib\ant-stylebook.jar;C:\apache-ant-1.6.2\lib\ant-swing.jar;C:\apache-ant-1.6.2\lib\ant-trax.jar;C:\apache-ant-1.6.2\lib\ant-vaj.jar;C:\apache-ant-1.6.2\lib\ant-weblogic.jar;C:\apache-ant-1.6.2\lib\ant-xalan1.jar;C:\apache-ant-1.6.2\lib\ant-xslp.jar;C:\apache-ant-1.6.2\lib\ant.jar;C:\apache-ant-1.6.2\lib\cpptasks.jar;C:\apache-ant-1.6.2\lib\junit.jar;C:\apache-ant-1.6.2\lib\xercesImpl.jar;C:\apache-ant-1.6.2\lib\xml-apis.jar;C:\jdk1.5.0_03\lib\tools.jar
[junitDocReport] Loading source files for package edu.duke.cabig.catrip.security.password...
[junitDocReport] Constructing Javadoc information...
[junitDocReport] C:\caBIG\catrip\codebase\projects\security-password\src\java\edu\duke\cabig\catrip\security\password\SecurePassword.java:6: package gov.nih.nci.cagrid.gridca.common does not exist
[junitDocReport] import gov.nih.nci.cagrid.gridca.common.KeyUtil;
[junitDocReport]                                         ^
[junitDocReport] 1 warning
[junitDocReport] Loading source files for package edu.duke.cabig.catrip.security.password...
[junitDocReport] Constructing Javadoc information...
[junitDocReport] Loading source files for package edu.duke.cabig.catrip.security.dukeidp...
[junitDocReport] Constructing Javadoc information...
[junitDocReport] C:\caBIG\catrip\codebase\projects\security-dukeidp\src\java\edu\duke\cabig\catrip\security\dukeidp\NTAuthentication.java:10: package jcifs does not exist
[junitDocReport] import jcifs.UniAddress;
[junitDocReport]              ^
[junitDocReport] C:\caBIG\catrip\codebase\projects\security-dukeidp\src\java\edu\duke\cabig\catrip\security\dukeidp\NTAuthentication.java:11: package jcifs.smb does not exist
[junitDocReport] import jcifs.smb.NtlmPasswordAuthentication;
[junitDocReport]                  ^
[junitDocReport] C:\caBIG\catrip\codebase\projects\security-dukeidp\src\java\edu\duke\cabig\catrip\security\dukeidp\NTAuthentication.java:12: package jcifs.smb does not exist
[junitDocReport] import jcifs.smb.SmbAuthException;
[junitDocReport]                  ^
[junitDocReport] C:\caBIG\catrip\codebase\projects\security-dukeidp\src\java\edu\duke\cabig\catrip\security\dukeidp\NTAuthentication.java:13: package jcifs.smb does not exist
[junitDocReport] import jcifs.smb.SmbException;
[junitDocReport]                  ^
[junitDocReport] C:\caBIG\catrip\codebase\projects\security-dukeidp\src\java\edu\duke\cabig\catrip\security\dukeidp\NTAuthentication.java:14: package jcifs.smb does not exist
[junitDocReport] import jcifs.smb.SmbSession;
[junitDocReport]                  ^
[junitDocReport] C:\caBIG\catrip\codebase\projects\security-dukeidp\src\java\edu\duke\cabig\catrip\security\dukeidp\NTAuthentication.java:77: cannot find symbol
[junitDocReport] symbol  : class SmbException
[junitDocReport] location: class edu.duke.cabig.catrip.security.dukeidp.NTAuthentication
[junitDocReport] 	private String getMessage(SmbException se)
[junitDocReport]                                   ^
[junitDocReport] 6 warnings
[junitDocReport] Loading source files for package edu.duke.cabig.catrip.security.dukeidp...
[junitDocReport] Constructing Javadoc information...
[junitDocReport] C:\caBIG\catrip\codebase\projects\security-dukeidp\test\src\java\edu\duke\cabig\catrip\security\dukeidp\NTAuthenticationTest.java:14: package edu.duke.cabig.catrip.security.password does not exist
[junitDocReport] import edu.duke.cabig.catrip.security.password.SecurePassword;
[junitDocReport]                                                ^
[junitDocReport] C:\caBIG\catrip\codebase\projects\security-dukeidp\test\src\java\edu\duke\cabig\catrip\security\dukeidp\NTAuthenticationTest.java:29: cannot find symbol
[junitDocReport] symbol  : class NTAuthentication
[junitDocReport] location: class edu.duke.cabig.catrip.security.dukeidp.NTAuthenticationTest
[junitDocReport] 	public NTAuthentication ntAuth;
[junitDocReport]                ^
[junitDocReport] 2 warnings
[junitDocReport] Loading source files for package edu.duke.cabig.catrip.test.report.report...
[junitDocReport] Loading source files for package edu.duke.cabig.catrip.test.report.javadoc...
[junitDocReport] Loading source files for package edu.duke.cabig.catrip.test.report...
[junitDocReport] Loading source files for package edu.duke.cabig.catrip.test.report.data...
[junitDocReport] Loading source files for package edu.duke.cabig.catrip.test.report.ant...
[junitDocReport] Constructing Javadoc information...
[junitDocReport] Loading source files for package edu.duke.cabig.catrip.test.report.report...
[junitDocReport] Loading source files for package edu.duke.cabig.catrip.test.report...
[junitDocReport] Constructing Javadoc information...
[junitDocReport] C:\caBIG\catrip\codebase\projects\test-report\test\src\java\edu\duke\cabig\catrip\test\report\report\JUnitHtmlReportTest.java:20: cannot find symbol
[junitDocReport] symbol  : class JUnitDoclet
[junitDocReport] location: package edu.duke.cabig.catrip.test.report
[junitDocReport] import edu.duke.cabig.catrip.test.report.JUnitDoclet;
[junitDocReport]                                          ^
[junitDocReport] C:\caBIG\catrip\codebase\projects\test-report\test\src\java\edu\duke\cabig\catrip\test\report\report\JUnitHtmlReportTest.java:21: cannot find symbol
[junitDocReport] symbol  : class JUnitXmlParser
[junitDocReport] location: package edu.duke.cabig.catrip.test.report
[junitDocReport] import edu.duke.cabig.catrip.test.report.JUnitXmlParser;
[junitDocReport]                                          ^
[junitDocReport] C:\caBIG\catrip\codebase\projects\test-report\test\src\java\edu\duke\cabig\catrip\test\report\report\JUnitHtmlReportTest.java:22: package edu.duke.cabig.catrip.test.report.data does not exist
[junitDocReport] import edu.duke.cabig.catrip.test.report.data.TestSuite;
[junitDocReport]                                               ^
[junitDocReport] C:\caBIG\catrip\codebase\projects\test-report\test\src\java\edu\duke\cabig\catrip\test\report\JUnitDocletTest.java:9: package edu.duke.cabig.catrip.test.report.data does not exist
[junitDocReport] import edu.duke.cabig.catrip.test.report.data.TestCase;
[junitDocReport]                                               ^
[junitDocReport] C:\caBIG\catrip\codebase\projects\test-report\test\src\java\edu\duke\cabig\catrip\test\report\JUnitDocletTest.java:10: package edu.duke.cabig.catrip.test.report.data does not exist
[junitDocReport] import edu.duke.cabig.catrip.test.report.data.TestSuite;
[junitDocReport]                                               ^
[junitDocReport] C:\caBIG\catrip\codebase\projects\test-report\test\src\java\edu\duke\cabig\catrip\test\report\JUnitXmlParserTest.java:13: package edu.duke.cabig.catrip.test.report.data does not exist
[junitDocReport] import edu.duke.cabig.catrip.test.report.data.TestSuite;
[junitDocReport]                                               ^
[junitDocReport] 6 warnings

BUILD SUCCESSFUL
Total time: 5 seconds

> CheckJUnitDocReportStep (edu.duke.cabig.catrip.test.system.JUnitDocReportTest)

]]></system-out>
  <system-err><![CDATA[]]></system-err>
</testsuite>
