<?xml version="1.0" encoding="UTF-8"?>
<CQLQuery>
	<Target name="edu.duke.catrip.cae.domain.general.Participant">
		<Association name="edu.pitt.cabig.cae.domain.general.AnnotationEventParameters" roleName="annotationEventParametersCollection">
			<Association name="edu.pitt.cabig.cae.domain.breast.NottinghamHistopathologicGrade" roleName="annotationSetCollection">
				<Attribute name="totalScore" predicate="GREATER_THAN" value="5"/>
			</Association>
		</Association>
	</Target>
</CQLQuery>

<!--

		<Target name="edu.pitt.cabig.cae.domain.breast.NottinghamHistopathologicGrade">
				<Association name="edu.pitt.cabig.cae.domain.general.AnnotationEventParameters" roleName="annotationEventParameters">
					<Group logicRelation="AND">
						<Attribute name="id" predicate="EQUAL_TO" value="[AEP ID]"/>
						<Association name="edu.duke.catrip.cae.domain.general.Participant" roleName="annotatableEntity">
							<Attribute name="id" predicate="EQUAL_TO" value="[ID]"/>
						</Association>
					</Group>
				</Association>		
		</Target >


-->