<?xml version="1.0" encoding="UTF-8" ?>
<testsuite errors="1" failures="0" name="gov.nih.nci.catrip.cagrid.catripquery.TestQueryService" tests="1" time="0.0">
  <properties>
    <property name="file.encoding.pkg" value="sun.io"></property>
    <property name="env.PROMPT" value="$P$G"></property>
    <property name="java.home" value="C:\Program Files\Java\jdk1.5.0_06\jre"></property>
    <property name="test.src.dir" value="test/src"></property>
    <property name="java.endorsed.dirs" value="C:\Program Files\Java\jdk1.5.0_06\jre\lib\endorsed"></property>
    <property name="env.USERNAME" value="Bill Mason"></property>
    <property name="src.dir" value="src"></property>
    <property name="ext.globus.dir" value="c:\ws-core-4.0.3"></property>
    <property name="sun.os.patch.level" value="Service Pack 2"></property>
    <property name="tomcat.common.lib.dir" value="C:\Tomcat_5.0/common/lib"></property>
    <property name="java.vendor.url" value="http://java.sun.com/"></property>
    <property name="env.COMPUTERNAME" value="MONKEY8"></property>
    <property name="java.version" value="1.5.0_06"></property>
    <property name="java.vendor.url.bug" value="http://java.sun.com/cgi-bin/bugreport.cgi"></property>
    <property name="env.USERPROFILE" value="C:\Documents and Settings\Bill Mason"></property>
    <property name="javadoc.dir" value="C:\catrip\catrip\codebase\projects\queryservice\build/javadoc"></property>
    <property name="introduce.skeleton.namespace.domain" value="http://catripquery.cagrid.catrip.nci.nih.gov/QueryService"></property>
    <property name="test.lib.dir" value="test/lib"></property>
    <property name="env.SystemRoot" value="C:\WINDOWS"></property>
    <property name="introduce.ns.excludes" value=" -x gme://caGrid.caBIG/1.0/gov.nih.nci.cagrid.metadata.service -x gme://caGrid.caBIG/1.0/gov.nih.nci.cagrid.metadata -x http://gov.nih.nci.cagrid.data/DataServiceExceptions -x gme://caGrid.caBIG/1.0/gov.nih.nci.cagrid.metadata.security -x gme://caGrid.caBIG/1.0/gov.nih.nci.cagrid.metadata.common"></property>
    <property name="user.name" value="Bill Mason"></property>
    <property name="env.CVS_RSH" value="c:\Putty\ssh.bat"></property>
    <property name="tomcat.deploy.lib.dir" value="C:\Tomcat_5.0/webapps/wsrf/WEB-INF/lib"></property>
    <property name="sun.io.unicode.encoding" value="UnicodeLittle"></property>
    <property name="sun.jnu.encoding" value="Cp1252"></property>
    <property name="java.runtime.name" value="Java(TM) 2 Runtime Environment, Standard Edition"></property>
    <property name="schema.dest" value="C:\catrip\catrip\codebase\projects\queryservice\build\schema"></property>
    <property name="lib.dir" value="lib"></property>
    <property name="java.specification.name" value="Java Platform API Specification"></property>
    <property name="test.jar.name" value="QueryService-tests.jar"></property>
    <property name="user.timezone" value=""></property>
    <property name="path.separator" value=";"></property>
    <property name="client.jar.name" value="QueryService-client.jar"></property>
    <property name="env.PROCESSOR_IDENTIFIER" value="x86 Family 6 Model 14 Stepping 8, GenuineIntel"></property>
    <property name="env._JAVACMD" value="C:\Program Files\Java\jdk1.5.0_06\bin\java.exe"></property>
    <property name="file.encoding" value="Cp1252"></property>
    <property name="env.PCTYPE" value="PAVILION"></property>
    <property name="junit.results.dir" value="test/logs/junit"></property>
    <property name="env.NUMBER_OF_PROCESSORS" value="2"></property>
    <property name="env.APPDATA" value="C:\Documents and Settings\Bill Mason\Application Data"></property>
    <property name="ant.file" value="C:\catrip\catrip\codebase\projects\queryservice\build.xml"></property>
    <property name="env.QTJAVA" value="C:\Program Files\Java\jre1.5.0_06\lib\ext\QTJava.zip"></property>
    <property name="test.log.dir" value="test/logs"></property>
    <property name="service.deployment.path" value="cagrid/QueryService"></property>
    <property name="java.io.tmpdir" value="C:\DOCUME~1\BILLMA~1\LOCALS~1\Temp\"></property>
    <property name="user.language" value="en"></property>
    <property name="env.SystemDrive" value="C:"></property>
    <property name="line.separator" value="
"></property>
    <property name="garjars.id" value="garjars"></property>
    <property name="java.debug" value="on"></property>
    <property name="ant.file.build-deploy file" value="C:\catrip\catrip\codebase\projects\queryservice\build-deploy.xml"></property>
    <property name="introduce.skeleton.service.name" value="QueryService"></property>
    <property name="env.JSERV" value="C:\oracle\ora92/Apache/Jserv/conf"></property>
    <property name="schema.src" value="C:\ws-core-4.0.3\share\schema"></property>
    <property name="java.vm.info" value="mixed mode"></property>
    <property name="sun.desktop" value="windows"></property>
    <property name="java.vm.specification.name" value="Java Virtual Machine Specification"></property>
    <property name="ant.file.run-tools file" value="C:\catrip\catrip\codebase\projects\queryservice\run-tools.xml"></property>
    <property name="common.jar.name" value="QueryService-common.jar"></property>
    <property name="env.PATHEXT" value=".COM;.EXE;.BAT;.CMD;.VBS;.VBE;.JS;.JSE;.WSF;.WSH"></property>
    <property name="build.stubs" value="C:\ws-core-4.0.3\share\globus_wsrf_tools\build-stubs.xml"></property>
    <property name="env.LOGONSERVER" value="\\MONKEY8"></property>
    <property name="introduce.skeleton.timestamp" value="1167938223812"></property>
    <property name="stubs.src" value="C:\catrip\catrip\codebase\projects\queryservice\build\stubs-QueryService\src"></property>
    <property name="java.awt.printerjob" value="sun.awt.windows.WPrinterJob"></property>
    <property name="build.dest" value="C:\catrip\catrip\codebase\projects\queryservice\build\classes"></property>
    <property name="test.build.dest" value="C:\catrip\catrip\codebase\projects\queryservice\build/test/classes"></property>
    <property name="ant.version" value="Apache Ant version 1.6.5 compiled on June 2 2005"></property>
    <property name="env.USERDOMAIN" value="MONKEY8"></property>
    <property name="env.PROCESSOR_LEVEL" value="6"></property>
    <property name="env.windir" value="C:\WINDOWS"></property>
    <property name="env.CLASSPATH" value=".c:\tomcat_5.0;c:\log4j\dist\lib\log4j-1.2.6.jar;C:\jboss-4.0.0\server\default\lib\ojdbc14.jar;c:\axis2\lib;C:\Documents and Settings\Bill Mason\My Documents\software\junit\junit4.1\junit-4.1.jar;C:\ws-core-4.0.2\lib\addressing-1.0.jar"></property>
    <property name="os.name" value="Windows XP"></property>
    <property name="java.specification.vendor" value="Sun Microsystems Inc."></property>
    <property name="stubs.dest" value="C:\catrip\catrip\codebase\projects\queryservice\build\stubs-QueryService\classes"></property>
    <property name="index.service.url" value="http://cagrid-index.nci.nih.gov:8080/wsrf/services/DefaultIndexService"></property>
    <property name="env.TMP" value="C:\DOCUME~1\BILLMA~1\LOCALS~1\Temp"></property>
    <property name="java.vm.name" value="Java HotSpot(TM) Client VM"></property>
    <property name="service.properties.file" value="service.properties"></property>
    <property name="env.OS" value="Windows_NT"></property>
    <property name="gar.name" value="cagrid_QueryService.gar"></property>
    <property name="java.library.path" value="C:\Program Files\Java\jdk1.5.0_06\jre\bin;.;C:\WINDOWS\system32;C:\WINDOWS;%JAVA_HOME%\bin;C:\WINDOWS\system32;C:\WINDOWS;C:\WINDOWS\System32\Wbem;C:\Program Files\QuickTime\QTSystem\;%ANT_HOME%\bin;C:\Program Files\UltraEdit-32;C:\oracle\ora92\bin;C:\Program Files\Oracle\jre\1.3.1\bin;C:\Program Files\Oracle\jre\1.1.8\bin;C:\Tomcat_5.0;c:\axis2\lib;C:\Program Files\Java\jdk1.5.0_06\bin;c:\ant\bin;C:\oracle\ora92\bin;C:\Documents and Settings\Bill Mason\My Documents\workspace\CTOM\lib;c:\xdoclet-1.2.3\lib;C:\Program Files\UltraCompare"></property>
    <property name="ant.java.version" value="1.5"></property>
    <property name="env.AXIS2_HOME" value="C:\axis2"></property>
    <property name="basedir" value="C:\catrip\catrip\codebase\projects\queryservice"></property>
    <property name="java.class.version" value="49.0"></property>
    <property name="env.TNS_ADMIN" value="C:\oracle\ora92\network\admin"></property>
    <property name="ant.home" value="c:\ant"></property>
    <property name="introduce.skeleton.services.list" value="QueryService"></property>
    <property name="env.JBOSS_HOME" value="C:\jboss-4.0.0"></property>
    <property name="tomcat.wsrf.schema.dir" value="C:\Tomcat_5.0/webapps/wsrf/share/schema"></property>
    <property name="env.Path" value="%JAVA_HOME%\bin;C:\WINDOWS\system32;C:\WINDOWS;C:\WINDOWS\System32\Wbem;C:\Program Files\QuickTime\QTSystem\;%ANT_HOME%\bin;C:\Program Files\UltraEdit-32;C:\oracle\ora92\bin;C:\Program Files\Oracle\jre\1.3.1\bin;C:\Program Files\Oracle\jre\1.1.8\bin;C:\Tomcat_5.0;c:\axis2\lib;C:\Program Files\Java\jdk1.5.0_06\bin;c:\ant\bin;C:\oracle\ora92\bin;C:\Documents and Settings\Bill Mason\My Documents\workspace\CTOM\lib;c:\xdoclet-1.2.3\lib;C:\Program Files\UltraCompare"></property>
    <property name="env.HOMEDRIVE" value="C:"></property>
    <property name="service.deployment.prefix" value="cagrid"></property>
    <property name="env.WV_GATEWAY_CFG" value="C:\oracle\ora92\Apache\modplsql\cfg\wdbsvr.app"></property>
    <property name="build.packages" value="C:\ws-core-4.0.3\share\globus_wsrf_common\build-packages.xml"></property>
    <property name="sun.boot.library.path" value="C:\Program Files\Java\jdk1.5.0_06\jre\bin"></property>
    <property name="build.dir" value="C:\catrip\catrip\codebase\projects\queryservice\build"></property>
    <property name="env.PROCESSOR_REVISION" value="0e08"></property>
    <property name="sun.management.compiler" value="HotSpot Client Compiler"></property>
    <property name="java.awt.graphicsenv" value="sun.awt.Win32GraphicsEnvironment"></property>
    <property name="user.variant" value=""></property>
    <property name="stubs.jar.name" value="QueryService-stubs.jar"></property>
    <property name="ant.project.name" value="Introduce Build File"></property>
    <property name="schema.dir" value="schema"></property>
    <property name="GT4.ns.excludes" value="-x http://docs.oasis-open.org/wsrf/2004/06/wsrf-WS-BaseFaults-1.2-draft-01.xsd -x http://docs.oasis-open.org/wsrf/2004/06/wsrf-WS-BaseFaults-1.2-draft-01.wsdl -x http://docs.oasis-open.org/wsrf/2004/06/wsrf-WS-ResourceLifetime-1.2-draft-01.xsd -x http://docs.oasis-open.org/wsrf/2004/06/wsrf-WS-ResourceLifetime-1.2-draft-01.wsdl -x http://docs.oasis-open.org/wsrf/2004/06/wsrf-WS-ResourceProperties-1.2-draft-01.xsd -x http://docs.oasis-open.org/wsrf/2004/06/wsrf-WS-ResourceProperties-1.2-draft-01.wsdl -x http://docs.oasis-open.org/wsrf/2004/06/wsrf-WS-ServiceGroup-1.2-draft-01.xsd -x http://docs.oasis-open.org/wsrf/2004/06/wsrf-WS-ServiceGroup-1.2-draft-01.wsdl -x http://docs.oasis-open.org/wsn/2004/06/wsn-WS-BaseNotification-1.2-draft-01.xsd -x http://docs.oasis-open.org/wsn/2004/06/wsn-WS-BaseNotification-1.2-draft-01.wsdl -x http://schemas.xmlsoap.org/ws/2004/04/trust -x http://schemas.xmlsoap.org/ws/2002/12/policy -x http://schemas.xmlsoap.org/ws/2002/07/utility -x http://schemas.xmlsoap.org/ws/2004/04/sc -x http://docs.oasis-open.org/wss/2004/01/oasis-200401-wss-wssecurity-secext-1.0.xsd -x http://www.w3.org/2000/09/xmldsig# -x http://docs.oasis-open.org/wss/2004/01/oasis-200401-wss-wssecurity-utility-1.0.xsd -x http://schemas.xmlsoap.org/ws/2004/09/enumeration"></property>
    <property name="introduce.skeleton.destination.dir" value="C:\catrip\catrip\codebase\projects\queryservice"></property>
    <property name="java.vm.specification.version" value="1.0"></property>
    <property name="env.GLOBUS_LOCATION" value="c:\ws-core-4.0.3"></property>
    <property name="awt.toolkit" value="sun.awt.windows.WToolkit"></property>
    <property name="introduce.skeleton.extensions" value="data"></property>
    <property name="build.lib.dir" value="C:\catrip\catrip\codebase\projects\queryservice\build\lib"></property>
    <property name="sun.cpu.isalist" value="pentium_pro+mmx pentium_pro pentium+mmx pentium i486 i386 i86"></property>
    <property name="java.ext.dirs" value="C:\Program Files\Java\jdk1.5.0_06\jre\lib\ext"></property>
    <property name="garschema.id" value="garschema"></property>
    <property name="os.version" value="5.1"></property>
    <property name="user.home" value="C:\Documents and Settings\Bill Mason"></property>
    <property name="env.GLOBUS_HOME" value="c:\ws-core-4.0.3"></property>
    <property name="java.vm.vendor" value="Sun Microsystems Inc."></property>
    <property name="mappings.file" value="C:\catrip\catrip\codebase\projects\queryservice/namespace2package.mappings"></property>
    <property name="garetc.id" value="garetc"></property>
    <property name="ant.file.Introduce Build File" value="C:\catrip\catrip\codebase\projects\queryservice\build.xml"></property>
    <property name="env.JAVA_HOME" value="C:\Program Files\Java\jdk1.5.0_06"></property>
    <property name="stubs.dir" value="C:\catrip\catrip\codebase\projects\queryservice\build\stubs-QueryService"></property>
    <property name="user.dir" value="C:\catrip\catrip\codebase\projects\queryservice"></property>
    <property name="schema.path" value="QueryService"></property>
    <property name="env.FP_NO_HOST_CHECK" value="NO"></property>
    <property name="test.dir" value="test"></property>
    <property name="tomcat.dir" value="C:\Tomcat_5.0"></property>
    <property name="sun.cpu.endian" value="little"></property>
    <property name="env._USE_CLASSPATH" value="yes"></property>
    <property name="env.ALLUSERSPROFILE" value="C:\Documents and Settings\All Users"></property>
    <property name="env.PROCESSOR_ARCHITECTURE" value="x86"></property>
    <property name="java.vm.version" value="1.5.0_06-b05"></property>
    <property name="java.class.path" value="C:\catrip\catrip\codebase\projects\queryservice\build\test\classes;C:\catrip\catrip\codebase\projects\queryservice\build\classes;C:\catrip\catrip\codebase\projects\queryservice\build\stubs-QueryService\classes;C:\catrip\catrip\codebase\projects\queryservice\lib\ant-contrib.jar;C:\catrip\catrip\codebase\projects\queryservice\lib\caGrid-1.0-ServiceSecurityProvider-client.jar;C:\catrip\catrip\codebase\projects\queryservice\lib\caGrid-1.0-ServiceSecurityProvider-common.jar;C:\catrip\catrip\codebase\projects\queryservice\lib\caGrid-1.0-ServiceSecurityProvider-service.jar;C:\catrip\catrip\codebase\projects\queryservice\lib\caGrid-1.0-ServiceSecurityProvider-stubs.jar;C:\catrip\catrip\codebase\projects\queryservice\lib\caGrid-1.0-caDSR-client.jar;C:\catrip\catrip\codebase\projects\queryservice\lib\caGrid-1.0-caDSR-common.jar;C:\catrip\catrip\codebase\projects\queryservice\lib\caGrid-1.0-caDSR-portal.jar;C:\catrip\catrip\codebase\projects\queryservice\lib\caGrid-1.0-caDSR-service.jar;C:\catrip\catrip\codebase\projects\queryservice\lib\caGrid-1.0-caDSR-stubs.jar;C:\catrip\catrip\codebase\projects\queryservice\lib\caGrid-1.0-caDSR-tests.jar;C:\catrip\catrip\codebase\projects\queryservice\lib\caGrid-1.0-core.jar;C:\catrip\catrip\codebase\projects\queryservice\lib\caGrid-1.0-data-common.jar;C:\catrip\catrip\codebase\projects\queryservice\lib\caGrid-1.0-data-cql.jar;C:\catrip\catrip\codebase\projects\queryservice\lib\caGrid-1.0-data-extension.jar;C:\catrip\catrip\codebase\projects\queryservice\lib\caGrid-1.0-data-service.jar;C:\catrip\catrip\codebase\projects\queryservice\lib\caGrid-1.0-data-stubs.jar;C:\catrip\catrip\codebase\projects\queryservice\lib\caGrid-1.0-data-tests.jar;C:\catrip\catrip\codebase\projects\queryservice\lib\caGrid-1.0-data-tools.jar;C:\catrip\catrip\codebase\projects\queryservice\lib\caGrid-1.0-data-utils.jar;C:\catrip\catrip\codebase\projects\queryservice\lib\caGrid-1.0-data-validation.jar;C:\catrip\catrip\codebase\projects\queryservice\lib\caGrid-1.0-metadata-common.jar;C:\catrip\catrip\codebase\projects\queryservice\lib\caGrid-1.0-metadata-data.jar;C:\catrip\catrip\codebase\projects\queryservice\lib\caGrid-1.0-metadata-security.jar;C:\catrip\catrip\codebase\projects\queryservice\lib\caGrid-1.0-metadataUtils.jar;C:\catrip\catrip\codebase\projects\queryservice\lib\caGrid-caTrip-sdkQuery-1.0.jar;C:\catrip\catrip\codebase\projects\queryservice\lib\castor-0.9.9.jar;C:\catrip\catrip\codebase\projects\queryservice\lib\cglib-nodep-2.1_3.jar;C:\catrip\catrip\codebase\projects\queryservice\lib\client.jar;C:\catrip\catrip\codebase\projects\queryservice\lib\globus_wsrf_mds_aggregator.jar;C:\catrip\catrip\codebase\projects\queryservice\lib\globus_wsrf_mds_aggregator_stubs.jar;C:\catrip\catrip\codebase\projects\queryservice\lib\globus_wsrf_servicegroup.jar;C:\catrip\catrip\codebase\projects\queryservice\lib\globus_wsrf_servicegroup_stubs.jar;C:\catrip\catrip\codebase\projects\queryservice\lib\hibernate3.jar;C:\catrip\catrip\codebase\projects\queryservice\lib\mobius_common_client-1.1.jar;C:\catrip\catrip\codebase\projects\queryservice\lib\mobius_factories-1.1.jar;C:\catrip\catrip\codebase\projects\queryservice\lib\mobius_gme_client-1.1.jar;C:\catrip\catrip\codebase\projects\queryservice\lib\mobius_mako_client-1.1.jar;C:\catrip\catrip\codebase\projects\queryservice\lib\mobius_tools-1.1.jar;C:\catrip\catrip\codebase\projects\queryservice\lib\oldqueryservice.jar;C:\catrip\catrip\codebase\projects\queryservice\lib\queryservice.jar;C:\catrip\catrip\codebase\projects\queryservice\lib\spring.jar;C:\ws-core-4.0.3\lib\addressing-1.0.jar;C:\ws-core-4.0.3\lib\axis-url.jar;C:\ws-core-4.0.3\lib\axis.jar;C:\ws-core-4.0.3\lib\bootstrap.jar;C:\ws-core-4.0.3\lib\cog-axis.jar;C:\ws-core-4.0.3\lib\cog-jglobus.jar;C:\ws-core-4.0.3\lib\cog-tomcat.jar;C:\ws-core-4.0.3\lib\cog-url.jar;C:\ws-core-4.0.3\lib\commonj.jar;C:\ws-core-4.0.3\lib\commons-beanutils.jar;C:\ws-core-4.0.3\lib\commons-cli-2.0.jar;C:\ws-core-4.0.3\lib\commons-collections-3.0.jar;C:\ws-core-4.0.3\lib\commons-digester.jar;C:\ws-core-4.0.3\lib\commons-discovery.jar;C:\ws-core-4.0.3\lib\commons-logging.jar;C:\ws-core-4.0.3\lib\concurrent.jar;C:\ws-core-4.0.3\lib\cryptix-asn1.jar;C:\ws-core-4.0.3\lib\cryptix.jar;C:\ws-core-4.0.3\lib\cryptix32.jar;C:\ws-core-4.0.3\lib\globus_resolution_service.jar;C:\ws-core-4.0.3\lib\globus_resolution_stubs_java.jar;C:\ws-core-4.0.3\lib\globus_resolution_test.jar;C:\ws-core-4.0.3\lib\globus_transfer_service.jar;C:\ws-core-4.0.3\lib\globus_transfer_stubs_java.jar;C:\ws-core-4.0.3\lib\globus_transfer_test.jar;C:\ws-core-4.0.3\lib\globus_usage_core.jar;C:\ws-core-4.0.3\lib\globus_usage_packets_common.jar;C:\ws-core-4.0.3\lib\globus_wsrf_tools_test.jar;C:\ws-core-4.0.3\lib\jaxrpc.jar;C:\ws-core-4.0.3\lib\jce-jdk13-125.jar;C:\ws-core-4.0.3\lib\jgss.jar;C:\ws-core-4.0.3\lib\junit.jar;C:\ws-core-4.0.3\lib\log4j-1.2.8.jar;C:\ws-core-4.0.3\lib\naming-common.jar;C:\ws-core-4.0.3\lib\naming-factory.jar;C:\ws-core-4.0.3\lib\naming-java.jar;C:\ws-core-4.0.3\lib\naming-resources.jar;C:\ws-core-4.0.3\lib\opensaml.jar;C:\ws-core-4.0.3\lib\puretls.jar;C:\ws-core-4.0.3\lib\resolver.jar;C:\ws-core-4.0.3\lib\saaj.jar;C:\ws-core-4.0.3\lib\wsdl4j.jar;C:\ws-core-4.0.3\lib\wsrf_common.jar;C:\ws-core-4.0.3\lib\wsrf_core.jar;C:\ws-core-4.0.3\lib\wsrf_core_registry.jar;C:\ws-core-4.0.3\lib\wsrf_core_registry_stubs.jar;C:\ws-core-4.0.3\lib\wsrf_core_samples_authzService.jar;C:\ws-core-4.0.3\lib\wsrf_core_samples_authzService_stubs.jar;C:\ws-core-4.0.3\lib\wsrf_core_samples_counter.jar;C:\ws-core-4.0.3\lib\wsrf_core_samples_counter_stubs.jar;C:\ws-core-4.0.3\lib\wsrf_core_samples_mgmt.jar;C:\ws-core-4.0.3\lib\wsrf_core_samples_mgmt_stubs.jar;C:\ws-core-4.0.3\lib\wsrf_core_stubs.jar;C:\ws-core-4.0.3\lib\wsrf_provider_jce.jar;C:\ws-core-4.0.3\lib\wsrf_test.jar;C:\ws-core-4.0.3\lib\wsrf_test_interop.jar;C:\ws-core-4.0.3\lib\wsrf_test_interop_stubs.jar;C:\ws-core-4.0.3\lib\wsrf_test_unit.jar;C:\ws-core-4.0.3\lib\wsrf_test_unit_stubs.jar;C:\ws-core-4.0.3\lib\wsrf_tools.jar;C:\ws-core-4.0.3\lib\wss4j.jar;C:\ws-core-4.0.3\lib\xalan.jar;C:\ws-core-4.0.3\lib\xercesImpl.jar;C:\ws-core-4.0.3\lib\xml-apis.jar;C:\ws-core-4.0.3\lib\xmlsec.jar;C:\tomcat_5.0;C:\jboss-4.0.0\server\default\lib\ojdbc14.jar;C:\axis2\lib;C:\Documents and Settings\Bill Mason\My Documents\software\junit\junit4.1\junit-4.1.jar;C:\ws-core-4.0.2\lib\addressing-1.0.jar;C:\ant\lib\ant-launcher.jar;C:\ant\lib\ant.jar;C:\ant\lib\ant-junit.jar"></property>
    <property name="env.HOMEPATH" value="\Documents and Settings\Bill Mason"></property>
    <property name="env.SonicCentral" value="C:\Program Files\Common Files\Sonic Shared\Sonic Central\"></property>
    <property name="ant.library.dir" value="C:\ant\lib"></property>
    <property name="os.arch" value="x86"></property>
    <property name="env.PLATFORM" value="MCD"></property>
    <property name="env.SESSIONNAME" value="Console"></property>
    <property name="env.CommonProgramFiles" value="C:\Program Files\Common Files"></property>
    <property name="env.ProgramFiles" value="C:\Program Files"></property>
    <property name="java.vm.specification.vendor" value="Sun Microsystems Inc."></property>
    <property name="file.separator" value="\"></property>
    <property name="java.runtime.version" value="1.5.0_06-b05"></property>
    <property name="env.ANT_CMD_LINE_ARGS" value="test"></property>
    <property name="sun.boot.class.path" value="C:\Program Files\Java\jdk1.5.0_06\jre\lib\rt.jar;C:\Program Files\Java\jdk1.5.0_06\jre\lib\i18n.jar;C:\Program Files\Java\jdk1.5.0_06\jre\lib\sunrsasign.jar;C:\Program Files\Java\jdk1.5.0_06\jre\lib\jsse.jar;C:\Program Files\Java\jdk1.5.0_06\jre\lib\jce.jar;C:\Program Files\Java\jdk1.5.0_06\jre\lib\charsets.jar;C:\Program Files\Java\jdk1.5.0_06\jre\classes"></property>
    <property name="env.ComSpec" value="C:\WINDOWS\system32\cmd.exe"></property>
    <property name="env.TEMP" value="C:\DOCUME~1\BILLMA~1\LOCALS~1\Temp"></property>
    <property name="user.country" value="US"></property>
    <property name="env.ANT_HOME" value="c:\ant"></property>
    <property name="etc.dir" value="etc"></property>
    <property name="env.CLIENTNAME" value="Console"></property>
    <property name="service.jar.name" value="QueryService-service.jar"></property>
    <property name="service.name" value="QueryService"></property>
    <property name="java.vendor" value="Sun Microsystems Inc."></property>
    <property name="service.deployment.dir.name" value="cagrid_QueryService"></property>
    <property name="tomcat.deploy.dir" value="C:\Tomcat_5.0/webapps/wsrf/WEB-INF"></property>
    <property name="env.CATALINA_HOME" value="C:\Tomcat_5.0"></property>
    <property name="java.specification.version" value="1.5"></property>
    <property name="sun.arch.data.model" value="32"></property>
  </properties>
  <error message="gov.nih.nci.catrip.cagrid.catripquery.TestQueryService" type="java.lang.ClassNotFoundException">java.lang.ClassNotFoundException: gov.nih.nci.catrip.cagrid.catripquery.TestQueryService
	at java.net.URLClassLoader$1.run(URLClassLoader.java:200)
	at java.security.AccessController.doPrivileged(Native Method)
	at java.net.URLClassLoader.findClass(URLClassLoader.java:188)
	at java.lang.ClassLoader.loadClass(ClassLoader.java:306)
	at sun.misc.Launcher$AppClassLoader.loadClass(Launcher.java:268)
	at java.lang.ClassLoader.loadClass(ClassLoader.java:251)
	at java.lang.ClassLoader.loadClassInternal(ClassLoader.java:319)
	at java.lang.Class.forName0(Native Method)
	at java.lang.Class.forName(Class.java:164)
</error>
  <system-out><![CDATA[]]></system-out>
  <system-err><![CDATA[]]></system-err>
</testsuite>
