<?xml version="1.0" encoding="UTF-8" ?>
<testsuite errors="0" failures="0" name="TestFQE" tests="1" time="4.469">
  <properties>
    <property name="file.encoding.pkg" value="sun.io"></property>
    <property name="env.PROMPT" value="$P$G"></property>
    <property name="java.home" value="C:\Program Files\Java\jdk1.5.0_03\jre"></property>
    <property name="test.src.dir" value="test/src"></property>
    <property name="java.endorsed.dirs" value="C:\Program Files\Java\jdk1.5.0_03\jre\lib\endorsed"></property>
    <property name="env.USERNAME" value="srini"></property>
    <property name="src.dir" value="src"></property>
    <property name="ext.globus.dir" value="C:\ws-core-4.0.3"></property>
    <property name="sun.os.patch.level" value="Service Pack 2"></property>
    <property name="tomcat.common.lib.dir" value="C:\tools\Tomcat5.0/common/lib"></property>
    <property name="java.vendor.url" value="http://java.sun.com/"></property>
    <property name="env.COMPUTERNAME" value="VICK"></property>
    <property name="java.version" value="1.5.0_03"></property>
    <property name="java.vendor.url.bug" value="http://java.sun.com/cgi-bin/bugreport.cgi"></property>
    <property name="env.USERPROFILE" value="C:\Documents and Settings\srini"></property>
    <property name="javadoc.dir" value="C:\CVS-CodeBase\catrip\codebase\projects\queryengine-2.0\build\javadoc"></property>
    <property name="introduce.skeleton.namespace.domain" value="http://fqp.cagrid.nci.nih.gov/FederatedQueryProcessor"></property>
    <property name="test.lib.dir" value="test/lib"></property>
    <property name="env.SystemRoot" value="C:\WINDOWS"></property>
    <property name="introduce.ns.excludes" value=" -x gme://caGrid.caBIG/1.0/gov.nih.nci.cagrid.metadata.service -x http://CQL.caBIG/1/gov.nih.nci.cagrid.CQLQuery -x gme://caGrid.caBIG/1.0/gov.nih.nci.cagrid.metadata -x http://CQL.caBIG/1/gov.nih.nci.cagrid.CQLResultSet -x gme://caGrid.caBIG/1.0/gov.nih.nci.cagrid.metadata.security -x gme://caGrid.caBIG/1.0/gov.nih.nci.cagrid.metadata.common"></property>
    <property name="user.name" value="srini"></property>
    <property name="tomcat.deploy.lib.dir" value="C:\tools\Tomcat5.0/webapps/wsrf/WEB-INF/lib"></property>
    <property name="sun.io.unicode.encoding" value="UnicodeLittle"></property>
    <property name="sun.jnu.encoding" value="Cp1252"></property>
    <property name="java.runtime.name" value="Java(TM) 2 Runtime Environment, Standard Edition"></property>
    <property name="schema.dest" value="C:\CVS-CodeBase\catrip\codebase\projects\queryengine-2.0\build\schema"></property>
    <property name="env.WF_RESOURCES" value="C:\oracle\ora92\WF\RES\WFus.RES"></property>
    <property name="lib.dir" value="lib"></property>
    <property name="java.specification.name" value="Java Platform API Specification"></property>
    <property name="test.jar.name" value="caGrid-1.0-fqp-tests.jar"></property>
    <property name="user.timezone" value=""></property>
    <property name="path.separator" value=";"></property>
    <property name="client.jar.name" value="caGrid-1.0-fqp-client.jar"></property>
    <property name="env.PROCESSOR_IDENTIFIER" value="x86 Family 6 Model 14 Stepping 8, GenuineIntel"></property>
    <property name="env._JAVACMD" value="C:\Program Files\Java\jdk1.5.0_03\bin\java.exe"></property>
    <property name="project.name" value="caGrid-1.0-fqp"></property>
    <property name="file.encoding" value="Cp1252"></property>
    <property name="junit.results.dir" value="test/logs/junit"></property>
    <property name="env.NUMBER_OF_PROCESSORS" value="2"></property>
    <property name="env.APPDATA" value="C:\Documents and Settings\srini\Application Data"></property>
    <property name="ant.file" value="C:\CVS-CodeBase\catrip\codebase\projects\queryengine-2.0\build.xml"></property>
    <property name="env.QTJAVA" value="C:\Program Files\Java\j2re1.4.2_11\lib\ext\QTJava.zip"></property>
    <property name="test.log.dir" value="test/logs"></property>
    <property name="service.deployment.path" value="cagrid/FederatedQueryProcessor"></property>
    <property name="java.io.tmpdir" value="C:\WINDOWS\TEMP\"></property>
    <property name="user.language" value="en"></property>
    <property name="env.SystemDrive" value="C:"></property>
    <property name="line.separator" value="
"></property>
    <property name="garjars.id" value="garjars"></property>
    <property name="java.debug" value="on"></property>
    <property name="ant.file.build-deploy file" value="C:\CVS-CodeBase\catrip\codebase\projects\queryengine-2.0\build-deploy.xml"></property>
    <property name="introduce.skeleton.service.name" value="FederatedQueryProcessor"></property>
    <property name="env.JSERV" value="C:\oracle\ora92/Apache/Jserv/conf"></property>
    <property name="schema.src" value="C:\ws-core-4.0.3\share\schema"></property>
    <property name="java.vm.info" value="mixed mode, sharing"></property>
    <property name="sun.desktop" value="windows"></property>
    <property name="java.vm.specification.name" value="Java Virtual Machine Specification"></property>
    <property name="ant.file.run-tools file" value="C:\CVS-CodeBase\catrip\codebase\projects\queryengine-2.0\run-tools.xml"></property>
    <property name="common.jar.name" value="caGrid-1.0-fqp-common.jar"></property>
    <property name="env.PATHEXT" value=".COM;.EXE;.BAT;.CMD;.VBS;.VBE;.JS;.JSE;.WSF;.WSH"></property>
    <property name="build.stubs" value="C:\ws-core-4.0.3\share\globus_wsrf_tools\build-stubs.xml"></property>
    <property name="env.LOGONSERVER" value="\\VICK"></property>
    <property name="introduce.skeleton.timestamp" value="1163002571140"></property>
    <property name="stubs.src" value="C:\CVS-CodeBase\catrip\codebase\projects\queryengine-2.0\build\stubs-FederatedQueryProcessor\src"></property>
    <property name="java.awt.printerjob" value="sun.awt.windows.WPrinterJob"></property>
    <property name="build.dest" value="C:\CVS-CodeBase\catrip\codebase\projects\queryengine-2.0\build\classes"></property>
    <property name="test.build.dest" value="C:\CVS-CodeBase\catrip\codebase\projects\queryengine-2.0\build/test/classes"></property>
    <property name="ant.version" value="Apache Ant version 1.6.5 compiled on June 2 2005"></property>
    <property name="env.USERDOMAIN" value="VICK"></property>
    <property name="env.PROCESSOR_LEVEL" value="6"></property>
    <property name="env.windir" value="C:\WINDOWS"></property>
    <property name="env.CLASSPATH" value="C:\tools\mocha-b1\MOCHA.zip"></property>
    <property name="env.CYGWIN" value="tty"></property>
    <property name="os.name" value="Windows XP"></property>
    <property name="java.specification.vendor" value="Sun Microsystems Inc."></property>
    <property name="stubs.dest" value="C:\CVS-CodeBase\catrip\codebase\projects\queryengine-2.0\build\stubs-FederatedQueryProcessor\classes"></property>
    <property name="index.service.url" value="http://cagrid01.bmi.ohio-state.edu:8080/wsrf/services/DefaultIndexService"></property>
    <property name="env.TMP" value="C:\WINDOWS\TEMP"></property>
    <property name="java.vm.name" value="Java HotSpot(TM) Client VM"></property>
    <property name="service.properties.file" value="service.properties"></property>
    <property name="env.OS" value="Windows_NT"></property>
    <property name="gar.name" value="cagrid_FederatedQueryProcessor.gar"></property>
    <property name="java.library.path" value="C:\Program Files\Java\jdk1.5.0_03\jre\bin;.;C:\WINDOWS\system32;C:\WINDOWS;C:\tools\plink;C:\oracle\ora92\bin;C:\WINDOWS\system32;C:\WINDOWS;C:\WINDOWS\System32\Wbem;C:\Program Files\OpenSSH\bin;C:\tools\apache-ant-1.6.5\bin;C:\Program Files\QuickTime\QTSystem\;C:\Program Files\TortoiseCVS;C:\tools\xmlbeans-2.1.0\bin;C:\Program Files\Java\jdk1.5.0_03\bin;C:\tools\mysql\bin;C:\tools\jadnt158"></property>
    <property name="env.PATH" value="C:\tools\plink;C:\oracle\ora92\bin;C:\WINDOWS\system32;C:\WINDOWS;C:\WINDOWS\System32\Wbem;C:\Program Files\OpenSSH\bin;C:\tools\apache-ant-1.6.5\bin;C:\Program Files\QuickTime\QTSystem\;C:\Program Files\TortoiseCVS;C:\tools\xmlbeans-2.1.0\bin;C:\Program Files\Java\jdk1.5.0_03\bin;C:\tools\mysql\bin;C:\tools\jadnt158"></property>
    <property name="ant.java.version" value="1.5"></property>
    <property name="env.AXIS2_HOME" value="C:\tools\Axis2"></property>
    <property name="basedir" value="C:\CVS-CodeBase\catrip\codebase\projects\queryengine-2.0"></property>
    <property name="java.class.version" value="49.0"></property>
    <property name="ext.lib.dir" value="ext/lib"></property>
    <property name="env.XMLBEANS_HOME" value="C:\tools\xmlbeans-2.1.0"></property>
    <property name="ant.home" value="C:\tools\apache-ant-1.6.5"></property>
    <property name="introduce.skeleton.services.list" value="FederatedQueryProcessor,FederatedQueryResults"></property>
    <property name="env.JBOSS_HOME" value="C:\tools\jboss-4.0.0"></property>
    <property name="tomcat.wsrf.schema.dir" value="C:\tools\Tomcat5.0/webapps/wsrf/share/schema"></property>
    <property name="ext.test.lib.dir" value="ext/test/lib"></property>
    <property name="env.HOMEDRIVE" value="C:"></property>
    <property name="service.deployment.prefix" value="cagrid"></property>
    <property name="env.WV_GATEWAY_CFG" value="C:\oracle\ora92\Apache\modplsql\cfg\wdbsvr.app"></property>
    <property name="build.packages" value="C:\ws-core-4.0.3\share\globus_wsrf_common\build-packages.xml"></property>
    <property name="sun.boot.library.path" value="C:\Program Files\Java\jdk1.5.0_03\jre\bin"></property>
    <property name="build.dir" value="C:\CVS-CodeBase\catrip\codebase\projects\queryengine-2.0\build\classes"></property>
    <property name="env.PROCESSOR_REVISION" value="0e08"></property>
    <property name="sun.management.compiler" value="HotSpot Client Compiler"></property>
    <property name="java.awt.graphicsenv" value="sun.awt.Win32GraphicsEnvironment"></property>
    <property name="user.variant" value=""></property>
    <property name="stubs.jar.name" value="caGrid-1.0-fqp-stubs.jar"></property>
    <property name="ant.project.name" value="Introduce Build File"></property>
    <property name="schema.dir" value="schema"></property>
    <property name="GT4.ns.excludes" value="-x http://docs.oasis-open.org/wsrf/2004/06/wsrf-WS-BaseFaults-1.2-draft-01.xsd -x http://docs.oasis-open.org/wsrf/2004/06/wsrf-WS-BaseFaults-1.2-draft-01.wsdl -x http://docs.oasis-open.org/wsrf/2004/06/wsrf-WS-ResourceLifetime-1.2-draft-01.xsd -x http://docs.oasis-open.org/wsrf/2004/06/wsrf-WS-ResourceLifetime-1.2-draft-01.wsdl -x http://docs.oasis-open.org/wsrf/2004/06/wsrf-WS-ResourceProperties-1.2-draft-01.xsd -x http://docs.oasis-open.org/wsrf/2004/06/wsrf-WS-ResourceProperties-1.2-draft-01.wsdl -x http://docs.oasis-open.org/wsrf/2004/06/wsrf-WS-ServiceGroup-1.2-draft-01.xsd -x http://docs.oasis-open.org/wsrf/2004/06/wsrf-WS-ServiceGroup-1.2-draft-01.wsdl -x http://docs.oasis-open.org/wsn/2004/06/wsn-WS-BaseNotification-1.2-draft-01.xsd -x http://docs.oasis-open.org/wsn/2004/06/wsn-WS-BaseNotification-1.2-draft-01.wsdl -x http://schemas.xmlsoap.org/ws/2004/04/trust -x http://schemas.xmlsoap.org/ws/2002/12/policy -x http://schemas.xmlsoap.org/ws/2002/07/utility -x http://schemas.xmlsoap.org/ws/2004/04/sc -x http://docs.oasis-open.org/wss/2004/01/oasis-200401-wss-wssecurity-secext-1.0.xsd -x http://www.w3.org/2000/09/xmldsig# -x http://docs.oasis-open.org/wss/2004/01/oasis-200401-wss-wssecurity-utility-1.0.xsd -x http://schemas.xmlsoap.org/ws/2004/09/enumeration"></property>
    <property name="introduce.skeleton.destination.dir" value="C:\projects\caBIG\cagrid-1-0\caGrid\projects\fqp"></property>
    <property name="java.vm.specification.version" value="1.0"></property>
    <property name="env.GLOBUS_LOCATION" value="C:\ws-core-4.0.3"></property>
    <property name="awt.toolkit" value="sun.awt.windows.WToolkit"></property>
    <property name="introduce.skeleton.extensions" value="cagrid_metadata"></property>
    <property name="build.lib.dir" value="C:\CVS-CodeBase\catrip\codebase\projects\queryengine-2.0\build\lib"></property>
    <property name="sun.cpu.isalist" value="pentium_pro+mmx pentium_pro pentium+mmx pentium i486 i386 i86"></property>
    <property name="java.ext.dirs" value="C:\Program Files\Java\jdk1.5.0_03\jre\lib\ext"></property>
    <property name="garschema.id" value="garschema"></property>
    <property name="os.version" value="5.1"></property>
    <property name="user.home" value="C:\Documents and Settings\srini"></property>
    <property name="java.vm.vendor" value="Sun Microsystems Inc."></property>
    <property name="mappings.file" value="C:\CVS-CodeBase\catrip\codebase\projects\queryengine-2.0/namespace2package.mappings"></property>
    <property name="garetc.id" value="garetc"></property>
    <property name="ant.file.Introduce Build File" value="C:\CVS-CodeBase\catrip\codebase\projects\queryengine-2.0\build.xml"></property>
    <property name="env.JAVA_HOME" value="C:\Program Files\Java\jdk1.5.0_03"></property>
    <property name="java.source" value="1.4"></property>
    <property name="stubs.dir" value="C:\CVS-CodeBase\catrip\codebase\projects\queryengine-2.0\build\stubs-FederatedQueryProcessor"></property>
    <property name="user.dir" value="C:\CVS-CodeBase\catrip\codebase\projects\queryengine-2.0"></property>
    <property name="schema.path" value="FederatedQueryProcessor"></property>
    <property name="env.FP_NO_HOST_CHECK" value="NO"></property>
    <property name="test.dir" value="test"></property>
    <property name="tomcat.dir" value="C:\tools\Tomcat5.0"></property>
    <property name="sun.cpu.endian" value="little"></property>
    <property name="env._USE_CLASSPATH" value="yes"></property>
    <property name="env.ALLUSERSPROFILE" value="C:\Documents and Settings\All Users"></property>
    <property name="env.PROCESSOR_ARCHITECTURE" value="x86"></property>
    <property name="java.vm.version" value="1.5.0_03-b07"></property>
    <property name="java.class.path" value="C:\CVS-CodeBase\catrip\codebase\projects\queryengine-2.0\build\test\classes;C:\CVS-CodeBase\catrip\codebase\projects\queryengine-2.0\ext\test\lib\asm-2.2.1.jar;C:\CVS-CodeBase\catrip\codebase\projects\queryengine-2.0\ext\test\lib\caGrid-1.0-core-tests.jar;C:\CVS-CodeBase\catrip\codebase\projects\queryengine-2.0\ext\test\lib\cobertura.jar;C:\CVS-CodeBase\catrip\codebase\projects\queryengine-2.0\ext\test\lib\jakarta-oro-2.0.8.jar;C:\CVS-CodeBase\catrip\codebase\projects\queryengine-2.0\ext\test\lib\jdepend-2.7-patched.jar;C:\CVS-CodeBase\catrip\codebase\projects\queryengine-2.0\ext\test\lib\junit-addons-1.4.jar;C:\CVS-CodeBase\catrip\codebase\projects\queryengine-2.0\ext\test\lib\junit.jar;C:\CVS-CodeBase\catrip\codebase\projects\queryengine-2.0\ext\test\lib\log4j-1.2.9.jar;C:\CVS-CodeBase\catrip\codebase\projects\queryengine-2.0\ext\test\lib\xmlunit1.0.jar;C:\CVS-CodeBase\catrip\codebase\projects\queryengine-2.0\build\classes;C:\CVS-CodeBase\catrip\codebase\projects\queryengine-2.0\build\stubs-FederatedQueryProcessor\classes;C:\CVS-CodeBase\catrip\codebase\projects\queryengine-2.0\lib\ant-contrib.jar;C:\CVS-CodeBase\catrip\codebase\projects\queryengine-2.0\ext\lib\caGrid-1.0-ServiceSecurityProvider-client.jar;C:\CVS-CodeBase\catrip\codebase\projects\queryengine-2.0\ext\lib\caGrid-1.0-ServiceSecurityProvider-common.jar;C:\CVS-CodeBase\catrip\codebase\projects\queryengine-2.0\ext\lib\caGrid-1.0-ServiceSecurityProvider-service.jar;C:\CVS-CodeBase\catrip\codebase\projects\queryengine-2.0\ext\lib\caGrid-1.0-ServiceSecurityProvider-stubs.jar;C:\CVS-CodeBase\catrip\codebase\projects\queryengine-2.0\ext\lib\caGrid-1.0-core.jar;C:\CVS-CodeBase\catrip\codebase\projects\queryengine-2.0\ext\lib\caGrid-1.0-data-common.jar;C:\CVS-CodeBase\catrip\codebase\projects\queryengine-2.0\ext\lib\caGrid-1.0-data-cql.jar;C:\CVS-CodeBase\catrip\codebase\projects\queryengine-2.0\ext\lib\caGrid-1.0-data-extension.jar;C:\CVS-CodeBase\catrip\codebase\projects\queryengine-2.0\ext\lib\caGrid-1.0-data-service.jar;C:\CVS-CodeBase\catrip\codebase\projects\queryengine-2.0\ext\lib\caGrid-1.0-data-stubs.jar;C:\CVS-CodeBase\catrip\codebase\projects\queryengine-2.0\ext\lib\caGrid-1.0-data-tests.jar;C:\CVS-CodeBase\catrip\codebase\projects\queryengine-2.0\ext\lib\caGrid-1.0-data-tools.jar;C:\CVS-CodeBase\catrip\codebase\projects\queryengine-2.0\ext\lib\caGrid-1.0-data-utils.jar;C:\CVS-CodeBase\catrip\codebase\projects\queryengine-2.0\ext\lib\caGrid-1.0-data-validation.jar;C:\CVS-CodeBase\catrip\codebase\projects\queryengine-2.0\ext\lib\caGrid-1.0-metadata-common.jar;C:\CVS-CodeBase\catrip\codebase\projects\queryengine-2.0\ext\lib\caGrid-1.0-metadata-security.jar;C:\CVS-CodeBase\catrip\codebase\projects\queryengine-2.0\ext\lib\castor-0.9.9.jar;C:\CVS-CodeBase\catrip\codebase\projects\queryengine-2.0\ext\lib\globus_wsrf_mds_aggregator.jar;C:\CVS-CodeBase\catrip\codebase\projects\queryengine-2.0\ext\lib\globus_wsrf_mds_aggregator_stubs.jar;C:\CVS-CodeBase\catrip\codebase\projects\queryengine-2.0\ext\lib\globus_wsrf_servicegroup.jar;C:\CVS-CodeBase\catrip\codebase\projects\queryengine-2.0\ext\lib\globus_wsrf_servicegroup_stubs.jar;C:\CVS-CodeBase\catrip\codebase\projects\queryengine-2.0\ext\lib\mobius_common_client-1.1.jar;C:\CVS-CodeBase\catrip\codebase\projects\queryengine-2.0\ext\lib\mobius_factories-1.1.jar;C:\CVS-CodeBase\catrip\codebase\projects\queryengine-2.0\ext\lib\mobius_gme_client-1.1.jar;C:\CVS-CodeBase\catrip\codebase\projects\queryengine-2.0\ext\lib\mobius_mako_client-1.1.jar;C:\CVS-CodeBase\catrip\codebase\projects\queryengine-2.0\ext\lib\mobius_tools-1.1.jar;C:\ws-core-4.0.3\lib\addressing-1.0.jar;C:\ws-core-4.0.3\lib\axis-url.jar;C:\ws-core-4.0.3\lib\axis.jar;C:\ws-core-4.0.3\lib\bootstrap.jar;C:\ws-core-4.0.3\lib\cog-axis.jar;C:\ws-core-4.0.3\lib\cog-jglobus.jar;C:\ws-core-4.0.3\lib\cog-tomcat.jar;C:\ws-core-4.0.3\lib\cog-url.jar;C:\ws-core-4.0.3\lib\commonj.jar;C:\ws-core-4.0.3\lib\commons-beanutils.jar;C:\ws-core-4.0.3\lib\commons-cli-2.0.jar;C:\ws-core-4.0.3\lib\commons-collections-3.0.jar;C:\ws-core-4.0.3\lib\commons-digester.jar;C:\ws-core-4.0.3\lib\commons-discovery.jar;C:\ws-core-4.0.3\lib\commons-logging.jar;C:\ws-core-4.0.3\lib\concurrent.jar;C:\ws-core-4.0.3\lib\cryptix-asn1.jar;C:\ws-core-4.0.3\lib\cryptix.jar;C:\ws-core-4.0.3\lib\cryptix32.jar;C:\ws-core-4.0.3\lib\globus_usage_core.jar;C:\ws-core-4.0.3\lib\globus_usage_packets_common.jar;C:\ws-core-4.0.3\lib\globus_wsrf_tools_test.jar;C:\ws-core-4.0.3\lib\jaxrpc.jar;C:\ws-core-4.0.3\lib\jce-jdk13-125.jar;C:\ws-core-4.0.3\lib\jgss.jar;C:\ws-core-4.0.3\lib\junit.jar;C:\ws-core-4.0.3\lib\log4j-1.2.8.jar;C:\ws-core-4.0.3\lib\naming-common.jar;C:\ws-core-4.0.3\lib\naming-factory.jar;C:\ws-core-4.0.3\lib\naming-java.jar;C:\ws-core-4.0.3\lib\naming-resources.jar;C:\ws-core-4.0.3\lib\opensaml.jar;C:\ws-core-4.0.3\lib\puretls.jar;C:\ws-core-4.0.3\lib\resolver.jar;C:\ws-core-4.0.3\lib\saaj.jar;C:\ws-core-4.0.3\lib\wsdl4j.jar;C:\ws-core-4.0.3\lib\wsrf_common.jar;C:\ws-core-4.0.3\lib\wsrf_core.jar;C:\ws-core-4.0.3\lib\wsrf_core_registry.jar;C:\ws-core-4.0.3\lib\wsrf_core_registry_stubs.jar;C:\ws-core-4.0.3\lib\wsrf_core_samples_authzService.jar;C:\ws-core-4.0.3\lib\wsrf_core_samples_authzService_stubs.jar;C:\ws-core-4.0.3\lib\wsrf_core_samples_counter.jar;C:\ws-core-4.0.3\lib\wsrf_core_samples_counter_stubs.jar;C:\ws-core-4.0.3\lib\wsrf_core_samples_mgmt.jar;C:\ws-core-4.0.3\lib\wsrf_core_samples_mgmt_stubs.jar;C:\ws-core-4.0.3\lib\wsrf_core_stubs.jar;C:\ws-core-4.0.3\lib\wsrf_provider_jce.jar;C:\ws-core-4.0.3\lib\wsrf_test.jar;C:\ws-core-4.0.3\lib\wsrf_test_interop.jar;C:\ws-core-4.0.3\lib\wsrf_test_interop_stubs.jar;C:\ws-core-4.0.3\lib\wsrf_test_unit.jar;C:\ws-core-4.0.3\lib\wsrf_test_unit_stubs.jar;C:\ws-core-4.0.3\lib\wsrf_tools.jar;C:\ws-core-4.0.3\lib\wss4j.jar;C:\ws-core-4.0.3\lib\xalan.jar;C:\ws-core-4.0.3\lib\xercesImpl.jar;C:\ws-core-4.0.3\lib\xml-apis.jar;C:\ws-core-4.0.3\lib\xmlsec.jar;C:\tools\mocha-b1\MOCHA.zip;C:\tools\apache-ant-1.6.5\lib\junit-3.8.1.jar;C:\tools\apache-ant-1.6.5\lib\ant-launcher.jar;C:\tools\apache-ant-1.6.5\lib\ant.jar;C:\tools\apache-ant-1.6.5\lib\ant-junit.jar"></property>
    <property name="env.HOMEPATH" value="\Documents and Settings\srini"></property>
    <property name="env.SonicCentral" value="C:\Program Files\Common Files\Sonic Shared\Sonic Central\"></property>
    <property name="ant.library.dir" value="C:\tools\apache-ant-1.6.5\lib"></property>
    <property name="os.arch" value="x86"></property>
    <property name="env.SESSIONNAME" value="Console"></property>
    <property name="env.CommonProgramFiles" value="C:\Program Files\Common Files"></property>
    <property name="env.ProgramFiles" value="C:\Program Files"></property>
    <property name="java.vm.specification.vendor" value="Sun Microsystems Inc."></property>
    <property name="file.separator" value="\"></property>
    <property name="java.runtime.version" value="1.5.0_03-b07"></property>
    <property name="env.ANT_CMD_LINE_ARGS" value="test"></property>
    <property name="sun.boot.class.path" value="C:\Program Files\Java\jdk1.5.0_03\jre\lib\rt.jar;C:\Program Files\Java\jdk1.5.0_03\jre\lib\i18n.jar;C:\Program Files\Java\jdk1.5.0_03\jre\lib\sunrsasign.jar;C:\Program Files\Java\jdk1.5.0_03\jre\lib\jsse.jar;C:\Program Files\Java\jdk1.5.0_03\jre\lib\jce.jar;C:\Program Files\Java\jdk1.5.0_03\jre\lib\charsets.jar;C:\Program Files\Java\jdk1.5.0_03\jre\classes"></property>
    <property name="env.ComSpec" value="C:\WINDOWS\system32\cmd.exe"></property>
    <property name="env.TEMP" value="C:\WINDOWS\TEMP"></property>
    <property name="user.country" value="US"></property>
    <property name="env.ANT_HOME" value="C:\tools\apache-ant-1.6.5"></property>
    <property name="etc.dir" value="etc"></property>
    <property name="env.CLIENTNAME" value="Console"></property>
    <property name="service.jar.name" value="caGrid-1.0-fqp-service.jar"></property>
    <property name="service.name" value="FederatedQueryProcessor"></property>
    <property name="java.vendor" value="Sun Microsystems Inc."></property>
    <property name="service.deployment.dir.name" value="cagrid_FederatedQueryProcessor"></property>
    <property name="tomcat.deploy.dir" value="C:\tools\Tomcat5.0/webapps/wsrf/WEB-INF"></property>
    <property name="env.CATALINA_HOME" value="C:\tools\Tomcat5.0"></property>
    <property name="java.specification.version" value="1.5"></property>
    <property name="sun.arch.data.model" value="32"></property>
  </properties>
  <testcase classname="TestFQE" name="testFQE" time="4.25"></testcase>
  <system-out><![CDATA[WARN   isAttachmentSupported, Unable to find required classes (javax.activation.DataHandler and javax.mail.internet.MimeMultipart). Attachment support is disabled.
123
<ns2:TissueSpecimen id="397" type="Fixed Tissue Block" available="true" positionDimensionOne="20" positionDimensionTwo="22" barcode="ISBN-10 AB00-0013XY" comments="TISSUE IN FORMALIN 30" activityStatus="Active" quantityInGram="0.7" availableQuantityInGram="0.199999988079071" xmlns:ns2="gme://caCORE.cabig/3.0/edu.wustl.catissuecore.domainobject"/>
<ns3:TissueSpecimen id="406" type="Fixed Tissue Block" available="true" positionDimensionOne="19" positionDimensionTwo="14" barcode="ISBN-10 AB00-0043XY" comments="STRONG FAMILY HISTORY FOR BRCA MUTATIONS" activityStatus="Active" quantityInGram="6.75" availableQuantityInGram="6.25" xmlns:ns3="gme://caCORE.cabig/3.0/edu.wustl.catissuecore.domainobject"/>
<ns4:TissueSpecimen id="411" type="Fixed Tissue Block" available="true" positionDimensionOne="21" positionDimensionTwo="7" barcode="ISBN-10 AB00-0063XY" comments="NO MORE WHOLE BLOOD" activityStatus="Active" quantityInGram="42.75" availableQuantityInGram="42.25" xmlns:ns4="gme://caCORE.cabig/3.0/edu.wustl.catissuecore.domainobject"/>
<ns5:TissueSpecimen id="413" type="Fresh Tissue" available="true" positionDimensionOne="1" positionDimensionTwo="15" barcode="ISBN-10 AB00-0065XY" comments="LARGE CHUNKS" activityStatus="Active" quantityInGram="0.57" availableQuantityInGram="0.0699999928474426" xmlns:ns5="gme://caCORE.cabig/3.0/edu.wustl.catissuecore.domainobject"/>
<ns6:TissueSpecimen id="415" type="Fixed Tissue Block" available="true" positionDimensionOne="11" positionDimensionTwo="23" barcode="ISBN-10 AB00-0070XY" comments="TREATED WITH CHEMO" activityStatus="Active" quantityInGram="7.5" availableQuantityInGram="7.0" xmlns:ns6="gme://caCORE.cabig/3.0/edu.wustl.catissuecore.domainobject"/>
<ns7:TissueSpecimen id="416" type="Fixed Tissue Slide" available="true" positionDimensionOne="18" positionDimensionTwo="16" barcode="ISBN-10 AB00-0079XY" comments="SPECIMEN IN SALINE OVERNIGHT" activityStatus="Active" quantityInGram="9.5" availableQuantityInGram="9.0" xmlns:ns7="gme://caCORE.cabig/3.0/edu.wustl.catissuecore.domainobject"/>
<ns8:TissueSpecimen id="417" type="Fixed Tissue Block" available="true" positionDimensionOne="6" positionDimensionTwo="7" barcode="ISBN-10 AB00-0082XY" comments="UNKNOWN" activityStatus="Active" quantityInGram="16.0" availableQuantityInGram="15.5" xmlns:ns8="gme://caCORE.cabig/3.0/edu.wustl.catissuecore.domainobject"/>
<ns9:TissueSpecimen id="418" type="Fixed Tissue Block" available="true" positionDimensionOne="3" positionDimensionTwo="24" barcode="ISBN-10 AB00-0085XY" comments="TREATED WITH CHEMO" activityStatus="Active" quantityInGram="42.75" availableQuantityInGram="42.25" xmlns:ns9="gme://caCORE.cabig/3.0/edu.wustl.catissuecore.domainobject"/>
<ns10:TissueSpecimen id="419" type="Frozen Tissue" available="true" positionDimensionOne="2" positionDimensionTwo="23" barcode="ISBN-10 AB00-0093XY" comments="FROZEN ON DRY ICE" activityStatus="Active" quantityInGram="0.6" availableQuantityInGram="0.100000023841858" xmlns:ns10="gme://caCORE.cabig/3.0/edu.wustl.catissuecore.domainobject"/>
<ns11:TissueSpecimen id="421" type="Fixed Tissue Block" available="true" positionDimensionOne="19" positionDimensionTwo="8" barcode="ISBN-10 AB00-0099XY" comments="PATIENT IS PREGNANT" activityStatus="Active" quantityInGram="1.4" availableQuantityInGram="0.899999976158142" xmlns:ns11="gme://caCORE.cabig/3.0/edu.wustl.catissuecore.domainobject"/>
<ns12:TissueSpecimen id="424" type="Fixed Tissue Block" available="true" positionDimensionOne="17" positionDimensionTwo="16" barcode="ISBN-10 AB86-0815XY" comments="ROOM TEMP FOR 2 DAYS" activityStatus="Active" quantityInGram="41.5" availableQuantityInGram="41.0" xmlns:ns12="gme://caCORE.cabig/3.0/edu.wustl.catissuecore.domainobject"/>
<ns13:TissueSpecimen id="425" type="Fixed Tissue Block" available="true" positionDimensionOne="14" positionDimensionTwo="20" barcode="ISBN-10 AB86-0825XY" comments="TISSUE IN FORMALIN 30" activityStatus="Active" quantityInGram="19.5" availableQuantityInGram="19.0" xmlns:ns13="gme://caCORE.cabig/3.0/edu.wustl.catissuecore.domainobject"/>
<ns14:TissueSpecimen id="426" type="Fixed Tissue Block" available="true" positionDimensionOne="9" positionDimensionTwo="16" barcode="ISBN-10 AB87-0067XY" comments="TREATED WITH CHEMO" activityStatus="Active" quantityInGram="28.0" availableQuantityInGram="27.5" xmlns:ns14="gme://caCORE.cabig/3.0/edu.wustl.catissuecore.domainobject"/>
<ns15:TissueSpecimen id="427" type="Fixed Tissue Block" available="true" positionDimensionOne="6" positionDimensionTwo="10" barcode="ISBN-10 AB87-0083XY" comments="PATIENT HAS HISTORY OF CANCER" activityStatus="Active" quantityInGram="50.0" availableQuantityInGram="49.5" xmlns:ns15="gme://caCORE.cabig/3.0/edu.wustl.catissuecore.domainobject"/>
<ns16:TissueSpecimen id="429" type="Fixed Tissue Block" available="true" positionDimensionOne="18" positionDimensionTwo="19" barcode="ISBN-10 AB87-0089XY" comments="FROM SKIN" activityStatus="Active" quantityInGram="50.0" availableQuantityInGram="49.5" xmlns:ns16="gme://caCORE.cabig/3.0/edu.wustl.catissuecore.domainobject"/>
<ns17:TissueSpecimen id="430" type="Frozen Tissue Block" available="true" positionDimensionOne="19" positionDimensionTwo="15" barcode="ISBN-10 AB87-0094XY" comments="1/2 HOUR WAIT BEFORE FREEZING" activityStatus="Active" quantityInGram="10.25" availableQuantityInGram="9.75" xmlns:ns17="gme://caCORE.cabig/3.0/edu.wustl.catissuecore.domainobject"/>
<ns18:TissueSpecimen id="432" type="Fixed Tissue" available="true" positionDimensionOne="4" positionDimensionTwo="1" barcode="ISBN-10 AB87-0101XY" comments="POST CHEMO" activityStatus="Active" quantityInGram="11.5" availableQuantityInGram="11.0" xmlns:ns18="gme://caCORE.cabig/3.0/edu.wustl.catissuecore.domainobject"/>
<ns19:TissueSpecimen id="434" type="Frozen Tissue Block" available="true" positionDimensionOne="15" positionDimensionTwo="11" barcode="ISBN-10 AB87-0110XY" comments="1/2 HOUR WAIT BEFORE FREEZING" activityStatus="Active" quantityInGram="23.0" availableQuantityInGram="22.5" xmlns:ns19="gme://caCORE.cabig/3.0/edu.wustl.catissuecore.domainobject"/>
<ns20:TissueSpecimen id="436" type="Fixed Tissue Block" available="true" positionDimensionOne="4" positionDimensionTwo="16" barcode="ISBN-10 AB87-0149XY" comments="NO MORE WHOLE BLOOD" activityStatus="Active" quantityInGram="34.0" availableQuantityInGram="33.5" xmlns:ns20="gme://caCORE.cabig/3.0/edu.wustl.catissuecore.domainobject"/>
<ns21:TissueSpecimen id="437" type="Frozen Tissue Slide" available="true" positionDimensionOne="5" positionDimensionTwo="4" barcode="ISBN-10 AB87-0160XY" comments="AT 4 DEGREES FOR 2 DAYS" activityStatus="Active" quantityInGram="0.25" availableQuantityInGram="-0.25" xmlns:ns21="gme://caCORE.cabig/3.0/edu.wustl.catissuecore.domainobject"/>
<ns22:TissueSpecimen id="441" type="Fixed Tissue Block" available="true" positionDimensionOne="21" positionDimensionTwo="23" barcode="ISBN-10 AB87-0241XY" comments="ROOM TEMP FOR 2 DAYS" activityStatus="Active" quantityInGram="1.2" availableQuantityInGram="0.700000047683716" xmlns:ns22="gme://caCORE.cabig/3.0/edu.wustl.catissuecore.domainobject"/>
<ns23:TissueSpecimen id="442" type="Fixed Tissue Block" available="true" positionDimensionOne="14" positionDimensionTwo="3" barcode="ISBN-10 AB87-0242XY" comments="ROOM TEMP FOR 2 DAYS" activityStatus="Active" quantityInGram="10.25" availableQuantityInGram="9.75" xmlns:ns23="gme://caCORE.cabig/3.0/edu.wustl.catissuecore.domainobject"/>
<ns24:TissueSpecimen id="443" type="Frozen Tissue Slide" available="true" positionDimensionOne="14" positionDimensionTwo="13" barcode="ISBN-10 AB87-0243XY" comments="AT 4 DEGREES FOR 2 DAYS" activityStatus="Active" quantityInGram="40.0" availableQuantityInGram="39.5" xmlns:ns24="gme://caCORE.cabig/3.0/edu.wustl.catissuecore.domainobject"/>
<ns25:TissueSpecimen id="446" type="Fixed Tissue Block" available="true" positionDimensionOne="9" positionDimensionTwo="24" barcode="ISBN-10 AB87-0280XY" comments="STRONG FAMILY HISTORY FOR BRCA MUTATIONS" activityStatus="Active" quantityInGram="6.0" availableQuantityInGram="5.5" xmlns:ns25="gme://caCORE.cabig/3.0/edu.wustl.catissuecore.domainobject"/>
<ns26:TissueSpecimen id="449" type="Fixed Tissue Block" available="true" positionDimensionOne="8" positionDimensionTwo="14" barcode="ISBN-10 AB87-0311XY" comments="TREATED WITH CHEMO" activityStatus="Active" quantityInGram="15.15" availableQuantityInGram="14.6499996185303" xmlns:ns26="gme://caCORE.cabig/3.0/edu.wustl.catissuecore.domainobject"/>
<ns27:TissueSpecimen id="450" type="Frozen Tissue Block" available="true" positionDimensionOne="6" positionDimensionTwo="12" barcode="ISBN-10 AB87-0320XY" comments="1/2 HOUR WAIT BEFORE FREEZING" activityStatus="Active" quantityInGram="132.75" availableQuantityInGram="132.25" xmlns:ns27="gme://caCORE.cabig/3.0/edu.wustl.catissuecore.domainobject"/>
<ns28:TissueSpecimen id="451" type="Fixed Tissue Block" available="true" positionDimensionOne="6" positionDimensionTwo="19" barcode="ISBN-10 AB87-0325XY" comments="LEFT BREAST" activityStatus="Active" quantityInGram="23.0" availableQuantityInGram="22.5" xmlns:ns28="gme://caCORE.cabig/3.0/edu.wustl.catissuecore.domainobject"/>
<ns29:TissueSpecimen id="453" type="Fixed Tissue Block" available="true" positionDimensionOne="16" positionDimensionTwo="6" barcode="ISBN-10 AB87-0338XY" comments="FROM SPLEEN" activityStatus="Active" quantityInGram="1.0" availableQuantityInGram="0.5" xmlns:ns29="gme://caCORE.cabig/3.0/edu.wustl.catissuecore.domainobject"/>
<ns30:TissueSpecimen id="454" type="Fixed Tissue Block" available="true" positionDimensionOne="20" positionDimensionTwo="9" barcode="ISBN-10 AB87-0340XY" comments="TREATED WITH CHEMO" activityStatus="Active" quantityInGram="7.5" availableQuantityInGram="7.0" xmlns:ns30="gme://caCORE.cabig/3.0/edu.wustl.catissuecore.domainobject"/>
<ns31:TissueSpecimen id="461" type="Fixed Tissue Block" available="true" positionDimensionOne="22" positionDimensionTwo="7" barcode="ISBN-10 AB87-0363XY" comments="TREATED WITH CHEMO" activityStatus="Active" quantityInGram="0.5" availableQuantityInGram="0.0" xmlns:ns31="gme://caCORE.cabig/3.0/edu.wustl.catissuecore.domainobject"/>
<ns32:TissueSpecimen id="463" type="Fixed Tissue Block" available="true" positionDimensionOne="24" positionDimensionTwo="21" barcode="ISBN-10 AB87-0394XY" comments="ASCITES FLUID" activityStatus="Active" quantityInGram="13.0" availableQuantityInGram="12.5" xmlns:ns32="gme://caCORE.cabig/3.0/edu.wustl.catissuecore.domainobject"/>
<ns33:TissueSpecimen id="464" type="Frozen Tissue Block" available="true" positionDimensionOne="21" positionDimensionTwo="19" barcode="ISBN-10 AB87-0425XY" comments="1/2 HOUR WAIT BEFORE FREEZING" activityStatus="Active" quantityInGram="1.2" availableQuantityInGram="0.700000047683716" xmlns:ns33="gme://caCORE.cabig/3.0/edu.wustl.catissuecore.domainobject"/>
<ns34:TissueSpecimen id="466" type="Fixed Tissue Block" available="true" positionDimensionOne="17" positionDimensionTwo="7" barcode="ISBN-10 AB87-0433XY" comments="TISSUE IN FORMALIN 30" activityStatus="Active" quantityInGram="40.0" availableQuantityInGram="39.5" xmlns:ns34="gme://caCORE.cabig/3.0/edu.wustl.catissuecore.domainobject"/>
<ns35:TissueSpecimen id="469" type="Fixed Tissue Block" available="true" positionDimensionOne="4" positionDimensionTwo="1" barcode="ISBN-10 AB87-0450XY" comments="N/A" activityStatus="Active" quantityInGram="6.0" availableQuantityInGram="5.5" xmlns:ns35="gme://caCORE.cabig/3.0/edu.wustl.catissuecore.domainobject"/>
<ns36:TissueSpecimen id="477" type="Fixed Tissue Block" available="true" positionDimensionOne="12" positionDimensionTwo="18" barcode="ISBN-10 AB87-0528XY" comments="LEFT BREAST" activityStatus="Active" quantityInGram="40.5" availableQuantityInGram="40.0" xmlns:ns36="gme://caCORE.cabig/3.0/edu.wustl.catissuecore.domainobject"/>
<ns37:TissueSpecimen id="478" type="Fixed Tissue Block" available="true" positionDimensionOne="24" positionDimensionTwo="11" barcode="ISBN-10 AB87-0529XY" comments="FROZEN AT -20" activityStatus="Active" quantityInGram="12.0" availableQuantityInGram="11.5" xmlns:ns37="gme://caCORE.cabig/3.0/edu.wustl.catissuecore.domainobject"/>
<ns38:TissueSpecimen id="479" type="Fixed Tissue Block" available="true" positionDimensionOne="16" positionDimensionTwo="7" barcode="ISBN-10 AB87-0537XY" comments="ASCITES FLUID" activityStatus="Active" quantityInGram="50.5" availableQuantityInGram="50.0" xmlns:ns38="gme://caCORE.cabig/3.0/edu.wustl.catissuecore.domainobject"/>
<ns39:TissueSpecimen id="480" type="Fixed Tissue Block" available="true" positionDimensionOne="16" positionDimensionTwo="18" barcode="ISBN-10 AB87-0544XY" comments="TREATED WITH CHEMO" activityStatus="Active" quantityInGram="10.0" availableQuantityInGram="9.5" xmlns:ns39="gme://caCORE.cabig/3.0/edu.wustl.catissuecore.domainobject"/>
<ns40:TissueSpecimen id="482" type="Fixed Tissue Block" available="true" positionDimensionOne="13" positionDimensionTwo="3" barcode="ISBN-10 AB87-0564XY" comments="TISSUE IN FORMALIN 30" activityStatus="Active" quantityInGram="1.4" availableQuantityInGram="0.899999976158142" xmlns:ns40="gme://caCORE.cabig/3.0/edu.wustl.catissuecore.domainobject"/>
<ns41:TissueSpecimen id="483" type="Fixed Tissue Block" available="true" positionDimensionOne="2" positionDimensionTwo="23" barcode="ISBN-10 AB87-0617XY" comments="TREATED WITH CHEMO" activityStatus="Active" quantityInGram="23.0" availableQuantityInGram="22.5" xmlns:ns41="gme://caCORE.cabig/3.0/edu.wustl.catissuecore.domainobject"/>
<ns42:TissueSpecimen id="485" type="Fresh Tissue" available="true" positionDimensionOne="24" positionDimensionTwo="9" barcode="ISBN-10 AB87-0627XY" comments="LARGE CHUNKS" activityStatus="Active" quantityInGram="132.75" availableQuantityInGram="132.25" xmlns:ns42="gme://caCORE.cabig/3.0/edu.wustl.catissuecore.domainobject"/>
<ns43:TissueSpecimen id="487" type="Fixed Tissue Block" available="true" positionDimensionOne="9" positionDimensionTwo="23" barcode="ISBN-10 AB87-0634XY" comments="PATIENT HAS HISTORY OF CANCER" activityStatus="Active" quantityInGram="4.25" availableQuantityInGram="3.75" xmlns:ns43="gme://caCORE.cabig/3.0/edu.wustl.catissuecore.domainobject"/>
<ns44:TissueSpecimen id="488" type="Fixed Tissue" available="true" positionDimensionOne="17" positionDimensionTwo="3" barcode="ISBN-10 AB87-0638XY" comments="POST CHEMO" activityStatus="Active" quantityInGram="133.0" availableQuantityInGram="132.5" xmlns:ns44="gme://caCORE.cabig/3.0/edu.wustl.catissuecore.domainobject"/>
<ns45:TissueSpecimen id="489" type="Frozen Tissue Slide" available="true" positionDimensionOne="3" positionDimensionTwo="7" barcode="ISBN-10 AB87-0668XY" comments="AT 4 DEGREES FOR 2 DAYS" activityStatus="Active" quantityInGram="10.0" availableQuantityInGram="9.5" xmlns:ns45="gme://caCORE.cabig/3.0/edu.wustl.catissuecore.domainobject"/>
<ns46:TissueSpecimen id="491" type="Fixed Tissue Block" available="true" positionDimensionOne="1" positionDimensionTwo="17" barcode="ISBN-10 AB87-0673XY" comments="NO MORE WHOLE BLOOD" activityStatus="Active" quantityInGram="24.25" availableQuantityInGram="23.75" xmlns:ns46="gme://caCORE.cabig/3.0/edu.wustl.catissuecore.domainobject"/>
<ns47:TissueSpecimen id="495" type="Fixed Tissue Block" available="true" positionDimensionOne="2" positionDimensionTwo="24" barcode="ISBN-10 AB87-0691XY" comments="PATIENT IS PREGNANT" activityStatus="Active" quantityInGram="0.9" availableQuantityInGram="0.399999976158142" xmlns:ns47="gme://caCORE.cabig/3.0/edu.wustl.catissuecore.domainobject"/>
<ns48:TissueSpecimen id="496" type="Fixed Tissue Slide" available="true" positionDimensionOne="2" positionDimensionTwo="20" barcode="ISBN-10 AB87-0696XY" comments="SPECIMEN IN SALINE OVERNIGHT" activityStatus="Active" quantityInGram="8.0" availableQuantityInGram="7.5" xmlns:ns48="gme://caCORE.cabig/3.0/edu.wustl.catissuecore.domainobject"/>
<ns49:TissueSpecimen id="497" type="Fixed Tissue Block" available="true" positionDimensionOne="19" positionDimensionTwo="8" barcode="ISBN-10 AB87-0707XY" comments="TREATED WITH CHEMO" activityStatus="Active" quantityInGram="14.25" availableQuantityInGram="13.75" xmlns:ns49="gme://caCORE.cabig/3.0/edu.wustl.catissuecore.domainobject"/>
<ns50:TissueSpecimen id="498" type="Fixed Tissue Block" available="true" positionDimensionOne="6" positionDimensionTwo="12" barcode="ISBN-10 AB87-0732XY" comments="FROZEN AT -20" activityStatus="Active" quantityInGram="0.68" availableQuantityInGram="0.180000007152557" xmlns:ns50="gme://caCORE.cabig/3.0/edu.wustl.catissuecore.domainobject"/>
<ns51:TissueSpecimen id="502" type="Fixed Tissue Block" available="true" positionDimensionOne="4" positionDimensionTwo="9" barcode="ISBN-10 AB87-0766XY" comments="TREATED WITH CHEMO" activityStatus="Active" quantityInGram="20.0" availableQuantityInGram="19.5" xmlns:ns51="gme://caCORE.cabig/3.0/edu.wustl.catissuecore.domainobject"/>
<ns52:TissueSpecimen id="503" type="Fixed Tissue Block" available="true" positionDimensionOne="2" positionDimensionTwo="9" barcode="ISBN-10 AB87-0768XY" comments="TISSUE IN FORMALIN 30" activityStatus="Active" quantityInGram="45.0" availableQuantityInGram="44.5" xmlns:ns52="gme://caCORE.cabig/3.0/edu.wustl.catissuecore.domainobject"/>
<ns53:TissueSpecimen id="507" type="Fixed Tissue Block" available="true" positionDimensionOne="13" positionDimensionTwo="20" barcode="ISBN-10 AB87-0799XY" comments="ROOM TEMP FOR 2 DAYS" activityStatus="Active" quantityInGram="18.0" availableQuantityInGram="17.5" xmlns:ns53="gme://caCORE.cabig/3.0/edu.wustl.catissuecore.domainobject"/>
<ns54:TissueSpecimen id="509" type="Frozen Tissue Slide" available="true" positionDimensionOne="6" positionDimensionTwo="5" barcode="ISBN-10 AB88-0045XY" comments="AT 4 DEGREES FOR 2 DAYS" activityStatus="Active" quantityInGram="40.5" availableQuantityInGram="40.0" xmlns:ns54="gme://caCORE.cabig/3.0/edu.wustl.catissuecore.domainobject"/>
<ns55:TissueSpecimen id="513" type="Fixed Tissue Block" available="true" positionDimensionOne="8" positionDimensionTwo="16" barcode="ISBN-10 AB88-0109XY" comments="TISSUE IN FORMALIN 30" activityStatus="Active" quantityInGram="23.0" availableQuantityInGram="22.5" xmlns:ns55="gme://caCORE.cabig/3.0/edu.wustl.catissuecore.domainobject"/>
<ns56:TissueSpecimen id="516" type="Fixed Tissue Block" available="true" positionDimensionOne="7" positionDimensionTwo="3" barcode="ISBN-10 AB88-0139XY" comments="ROOM TEMP FOR 2 DAYS" activityStatus="Active" quantityInGram="67.0" availableQuantityInGram="66.5" xmlns:ns56="gme://caCORE.cabig/3.0/edu.wustl.catissuecore.domainobject"/>
<ns57:TissueSpecimen id="517" type="Fixed Tissue Block" available="true" positionDimensionOne="12" positionDimensionTwo="9" barcode="ISBN-10 AB88-0162XY" comments="NO MORE WHOLE BLOOD" activityStatus="Active" quantityInGram="1.4" availableQuantityInGram="0.899999976158142" xmlns:ns57="gme://caCORE.cabig/3.0/edu.wustl.catissuecore.domainobject"/>
<ns58:TissueSpecimen id="519" type="Fixed Tissue Block" available="true" positionDimensionOne="23" positionDimensionTwo="1" barcode="ISBN-10 AB88-0168XY" comments="NO MORE WHOLE BLOOD" activityStatus="Active" quantityInGram="50.5" availableQuantityInGram="50.0" xmlns:ns58="gme://caCORE.cabig/3.0/edu.wustl.catissuecore.domainobject"/>
<ns59:TissueSpecimen id="526" type="Fixed Tissue Block" available="true" positionDimensionOne="12" positionDimensionTwo="18" barcode="ISBN-10 AB88-0215XY" comments="LEFT BREAST" activityStatus="Active" quantityInGram="41.5" availableQuantityInGram="41.0" xmlns:ns59="gme://caCORE.cabig/3.0/edu.wustl.catissuecore.domainobject"/>
<ns60:TissueSpecimen id="529" type="Fixed Tissue Block" available="true" positionDimensionOne="21" positionDimensionTwo="22" barcode="ISBN-10 AB88-0256XY" comments="UNKNOWN" activityStatus="Active" quantityInGram="0.9" availableQuantityInGram="0.399999976158142" xmlns:ns60="gme://caCORE.cabig/3.0/edu.wustl.catissuecore.domainobject"/>
<ns61:TissueSpecimen id="530" type="Fixed Tissue Block" available="true" positionDimensionOne="15" positionDimensionTwo="23" barcode="ISBN-10 AB88-0265XY" comments="N/A" activityStatus="Active" quantityInGram="0.9" availableQuantityInGram="0.399999976158142" xmlns:ns61="gme://caCORE.cabig/3.0/edu.wustl.catissuecore.domainobject"/>
<ns62:TissueSpecimen id="531" type="Fixed Tissue Block" available="true" positionDimensionOne="14" positionDimensionTwo="2" barcode="ISBN-10 AB88-0291XY" comments="NO MORE WHOLE BLOOD" activityStatus="Active" quantityInGram="42.75" availableQuantityInGram="42.25" xmlns:ns62="gme://caCORE.cabig/3.0/edu.wustl.catissuecore.domainobject"/>
<ns63:TissueSpecimen id="534" type="Fixed Tissue Block" available="true" positionDimensionOne="14" positionDimensionTwo="2" barcode="ISBN-10 AB88-0331XY" comments="FROZEN AT -20" activityStatus="Active" quantityInGram="50.5" availableQuantityInGram="50.0" xmlns:ns63="gme://caCORE.cabig/3.0/edu.wustl.catissuecore.domainobject"/>
<ns64:TissueSpecimen id="536" type="Fixed Tissue Block" available="true" positionDimensionOne="2" positionDimensionTwo="17" barcode="ISBN-10 AB88-0339XY" comments="N/A" activityStatus="Active" quantityInGram="4.25" availableQuantityInGram="3.75" xmlns:ns64="gme://caCORE.cabig/3.0/edu.wustl.catissuecore.domainobject"/>
<ns65:TissueSpecimen id="537" type="Fixed Tissue Block" available="true" positionDimensionOne="23" positionDimensionTwo="20" barcode="ISBN-10 AB88-0341XY" comments="ASCITES FLUID" activityStatus="Active" quantityInGram="6.0" availableQuantityInGram="5.5" xmlns:ns65="gme://caCORE.cabig/3.0/edu.wustl.catissuecore.domainobject"/>
<ns66:TissueSpecimen id="538" type="Fixed Tissue Block" available="true" positionDimensionOne="22" positionDimensionTwo="22" barcode="ISBN-10 AB88-0349XY" comments="LEFT BREAST" activityStatus="Active" quantityInGram="29.5" availableQuantityInGram="29.0" xmlns:ns66="gme://caCORE.cabig/3.0/edu.wustl.catissuecore.domainobject"/>
<ns67:TissueSpecimen id="539" type="Fixed Tissue Block" available="true" positionDimensionOne="17" positionDimensionTwo="11" barcode="ISBN-10 AB88-0367XY" comments="FROM SPLEEN" activityStatus="Active" quantityInGram="19.5" availableQuantityInGram="19.0" xmlns:ns67="gme://caCORE.cabig/3.0/edu.wustl.catissuecore.domainobject"/>
<ns68:TissueSpecimen id="540" type="Fixed Tissue Block" available="true" positionDimensionOne="14" positionDimensionTwo="8" barcode="ISBN-10 AB88-0371XY" comments="TREATED WITH CHEMO" activityStatus="Active" quantityInGram="6.75" availableQuantityInGram="6.25" xmlns:ns68="gme://caCORE.cabig/3.0/edu.wustl.catissuecore.domainobject"/>
<ns69:TissueSpecimen id="542" type="Fixed Tissue Block" available="true" positionDimensionOne="3" positionDimensionTwo="17" barcode="ISBN-10 AB88-0391XY" comments="N/A" activityStatus="Active" quantityInGram="4.25" availableQuantityInGram="3.75" xmlns:ns69="gme://caCORE.cabig/3.0/edu.wustl.catissuecore.domainobject"/>
<ns70:TissueSpecimen id="545" type="Fixed Tissue Block" available="true" positionDimensionOne="1" positionDimensionTwo="19" barcode="ISBN-10 AB88-0418XY" comments="FROM SPLEEN" activityStatus="Active" quantityInGram="1.1" availableQuantityInGram="0.600000023841858" xmlns:ns70="gme://caCORE.cabig/3.0/edu.wustl.catissuecore.domainobject"/>
<ns71:TissueSpecimen id="547" type="Fixed Tissue Block" available="true" positionDimensionOne="12" positionDimensionTwo="19" barcode="ISBN-10 AB88-0429XY" comments="FROZEN AT -20" activityStatus="Active" quantityInGram="40.5" availableQuantityInGram="40.0" xmlns:ns71="gme://caCORE.cabig/3.0/edu.wustl.catissuecore.domainobject"/>
<ns72:TissueSpecimen id="548" type="Fresh Tissue" available="true" positionDimensionOne="3" positionDimensionTwo="5" barcode="ISBN-10 AB88-0431XY" comments="LARGE CHUNKS" activityStatus="Active" quantityInGram="26.0" availableQuantityInGram="25.5" xmlns:ns72="gme://caCORE.cabig/3.0/edu.wustl.catissuecore.domainobject"/>
<ns73:TissueSpecimen id="551" type="Fixed Tissue Block" available="true" positionDimensionOne="9" positionDimensionTwo="24" barcode="ISBN-10 AB88-0447XY" comments="FROM SKIN" activityStatus="Active" quantityInGram="22.75" availableQuantityInGram="22.25" xmlns:ns73="gme://caCORE.cabig/3.0/edu.wustl.catissuecore.domainobject"/>
<ns74:TissueSpecimen id="553" type="Fixed Tissue Block" available="true" positionDimensionOne="15" positionDimensionTwo="19" barcode="ISBN-10 AB88-0467XY" comments="UNKNOWN" activityStatus="Active" quantityInGram="12.75" availableQuantityInGram="12.25" xmlns:ns74="gme://caCORE.cabig/3.0/edu.wustl.catissuecore.domainobject"/>
<ns75:TissueSpecimen id="557" type="Fixed Tissue Block" available="true" positionDimensionOne="17" positionDimensionTwo="13" barcode="ISBN-10 AB88-0523XY" comments="TISSUE IN FORMALIN 30" activityStatus="Active" quantityInGram="50.5" availableQuantityInGram="50.0" xmlns:ns75="gme://caCORE.cabig/3.0/edu.wustl.catissuecore.domainobject"/>
<ns76:TissueSpecimen id="558" type="Fixed Tissue Block" available="true" positionDimensionOne="10" positionDimensionTwo="8" barcode="ISBN-10 AB88-0534XY" comments="ROOM TEMP FOR 2 DAYS" activityStatus="Active" quantityInGram="10.25" availableQuantityInGram="9.75" xmlns:ns76="gme://caCORE.cabig/3.0/edu.wustl.catissuecore.domainobject"/>
<ns77:TissueSpecimen id="559" type="Frozen Tissue Slide" available="true" positionDimensionOne="13" positionDimensionTwo="5" barcode="ISBN-10 AB88-0535XY" comments="AT 4 DEGREES FOR 2 DAYS" activityStatus="Active" quantityInGram="4.45" availableQuantityInGram="3.94999980926514" xmlns:ns77="gme://caCORE.cabig/3.0/edu.wustl.catissuecore.domainobject"/>
<ns78:TissueSpecimen id="560" type="Frozen Tissue" available="true" positionDimensionOne="2" positionDimensionTwo="1" barcode="ISBN-10 AB88-0546XY" comments="FROZEN ON DRY ICE" activityStatus="Active" quantityInGram="25.15" availableQuantityInGram="24.6499996185303" xmlns:ns78="gme://caCORE.cabig/3.0/edu.wustl.catissuecore.domainobject"/>
<ns79:TissueSpecimen id="561" type="Frozen Tissue" available="true" positionDimensionOne="3" positionDimensionTwo="6" barcode="ISBN-10 AB88-0547XY" comments="FROZEN ON DRY ICE" activityStatus="Active" quantityInGram="0.75" availableQuantityInGram="0.25" xmlns:ns79="gme://caCORE.cabig/3.0/edu.wustl.catissuecore.domainobject"/>
<ns80:TissueSpecimen id="564" type="Fixed Tissue Block" available="true" positionDimensionOne="4" positionDimensionTwo="1" barcode="ISBN-10 AB88-0622XY" comments="N/A" activityStatus="Active" quantityInGram="12.75" availableQuantityInGram="12.25" xmlns:ns80="gme://caCORE.cabig/3.0/edu.wustl.catissuecore.domainobject"/>
<ns81:TissueSpecimen id="566" type="Fresh Tissue" available="true" positionDimensionOne="17" positionDimensionTwo="11" barcode="ISBN-10 AB88-0629XY" comments="LARGE CHUNKS" activityStatus="Active" quantityInGram="0.1" availableQuantityInGram="-0.399999998509884" xmlns:ns81="gme://caCORE.cabig/3.0/edu.wustl.catissuecore.domainobject"/>
<ns82:TissueSpecimen id="567" type="Fixed Tissue Slide" available="true" positionDimensionOne="22" positionDimensionTwo="8" barcode="ISBN-10 AB88-0647XY" comments="SPECIMEN IN SALINE OVERNIGHT" activityStatus="Active" quantityInGram="30.5" availableQuantityInGram="30.0" xmlns:ns82="gme://caCORE.cabig/3.0/edu.wustl.catissuecore.domainobject"/>
<ns83:TissueSpecimen id="568" type="Fixed Tissue Block" available="true" positionDimensionOne="1" positionDimensionTwo="23" barcode="ISBN-10 AB88-0677XY" comments="FROZEN AT -20" activityStatus="Active" quantityInGram="3.0" availableQuantityInGram="2.5" xmlns:ns83="gme://caCORE.cabig/3.0/edu.wustl.catissuecore.domainobject"/>
<ns84:TissueSpecimen id="570" type="Fixed Tissue Block" available="true" positionDimensionOne="11" positionDimensionTwo="3" barcode="ISBN-10 AB88-0685XY" comments="N/A" activityStatus="Active" quantityInGram="133.0" availableQuantityInGram="132.5" xmlns:ns84="gme://caCORE.cabig/3.0/edu.wustl.catissuecore.domainobject"/>
<ns85:TissueSpecimen id="572" type="Fixed Tissue Block" available="true" positionDimensionOne="16" positionDimensionTwo="7" barcode="ISBN-10 AB88-0702XY" comments="LEFT BREAST" activityStatus="Active" quantityInGram="0.9" availableQuantityInGram="0.399999976158142" xmlns:ns85="gme://caCORE.cabig/3.0/edu.wustl.catissuecore.domainobject"/>
<ns86:TissueSpecimen id="575" type="Frozen Tissue" available="true" positionDimensionOne="13" positionDimensionTwo="19" barcode="ISBN-10 AB89-0000XY" comments="FROZEN ON DRY ICE" activityStatus="Active" quantityInGram="10.0" availableQuantityInGram="9.5" xmlns:ns86="gme://caCORE.cabig/3.0/edu.wustl.catissuecore.domainobject"/>
<ns87:TissueSpecimen id="576" type="Fixed Tissue Block" available="true" positionDimensionOne="24" positionDimensionTwo="16" barcode="ISBN-10 AB89-0002XY" comments="TISSUE IN FORMALIN 30" activityStatus="Active" quantityInGram="132.75" availableQuantityInGram="132.25" xmlns:ns87="gme://caCORE.cabig/3.0/edu.wustl.catissuecore.domainobject"/>
<ns88:TissueSpecimen id="578" type="Fixed Tissue Block" available="true" positionDimensionOne="11" positionDimensionTwo="18" barcode="ISBN-10 AB89-0009XY" comments="FROM SPLEEN" activityStatus="Active" quantityInGram="200.0" availableQuantityInGram="199.5" xmlns:ns88="gme://caCORE.cabig/3.0/edu.wustl.catissuecore.domainobject"/>
<ns89:TissueSpecimen id="579" type="Fixed Tissue Block" available="true" positionDimensionOne="10" positionDimensionTwo="1" barcode="ISBN-10 AB89-0011XY" comments="PATIENT HAS HISTORY OF CANCER" activityStatus="Active" quantityInGram="0.75" availableQuantityInGram="0.25" xmlns:ns89="gme://caCORE.cabig/3.0/edu.wustl.catissuecore.domainobject"/>
<ns90:TissueSpecimen id="580" type="Fixed Tissue Block" available="true" positionDimensionOne="4" positionDimensionTwo="16" barcode="ISBN-10 AB89-0022XY" comments="ROOM TEMP FOR 2 DAYS" activityStatus="Active" quantityInGram="19.5" availableQuantityInGram="19.0" xmlns:ns90="gme://caCORE.cabig/3.0/edu.wustl.catissuecore.domainobject"/>
<ns91:TissueSpecimen id="583" type="Frozen Tissue" available="true" positionDimensionOne="12" positionDimensionTwo="12" barcode="ISBN-10 AB89-0025XY" comments="FROZEN ON DRY ICE" activityStatus="Active" quantityInGram="3.0" availableQuantityInGram="2.5" xmlns:ns91="gme://caCORE.cabig/3.0/edu.wustl.catissuecore.domainobject"/>
<ns92:TissueSpecimen id="586" type="Fixed Tissue Block" available="true" positionDimensionOne="20" positionDimensionTwo="7" barcode="ISBN-10 AB89-0032XY" comments="NO MORE WHOLE BLOOD" activityStatus="Active" quantityInGram="14.25" availableQuantityInGram="13.75" xmlns:ns92="gme://caCORE.cabig/3.0/edu.wustl.catissuecore.domainobject"/>
<ns93:TissueSpecimen id="588" type="Fixed Tissue Block" available="true" positionDimensionOne="15" positionDimensionTwo="10" barcode="ISBN-10 AB89-0035XY" comments="STRONG FAMILY HISTORY FOR BRCA MUTATIONS" activityStatus="Active" quantityInGram="0.9" availableQuantityInGram="0.399999976158142" xmlns:ns93="gme://caCORE.cabig/3.0/edu.wustl.catissuecore.domainobject"/>
<ns94:TissueSpecimen id="591" type="Fixed Tissue Block" available="true" positionDimensionOne="24" positionDimensionTwo="2" barcode="ISBN-10 AB89-0049XY" comments="TREATED WITH CHEMO" activityStatus="Active" quantityInGram="1.1" availableQuantityInGram="0.600000023841858" xmlns:ns94="gme://caCORE.cabig/3.0/edu.wustl.catissuecore.domainobject"/>
<ns95:TissueSpecimen id="594" type="Fixed Tissue Slide" available="true" positionDimensionOne="15" positionDimensionTwo="21" barcode="ISBN-10 AB89-0060XY" comments="SPECIMEN IN SALINE OVERNIGHT" activityStatus="Active" quantityInGram="0.6" availableQuantityInGram="0.100000023841858" xmlns:ns95="gme://caCORE.cabig/3.0/edu.wustl.catissuecore.domainobject"/>
<ns96:TissueSpecimen id="595" type="Fixed Tissue Block" available="true" positionDimensionOne="24" positionDimensionTwo="4" barcode="ISBN-10 AB89-0069XY" comments="FROM SKIN" activityStatus="Active" quantityInGram="19.5" availableQuantityInGram="19.0" xmlns:ns96="gme://caCORE.cabig/3.0/edu.wustl.catissuecore.domainobject"/>
<ns97:TissueSpecimen id="599" type="Fixed Tissue Block" available="true" positionDimensionOne="6" positionDimensionTwo="13" barcode="ISBN-10 AB89-0101XY" comments="TISSUE IN FORMALIN 30" activityStatus="Active" quantityInGram="100.0" availableQuantityInGram="99.5" xmlns:ns97="gme://caCORE.cabig/3.0/edu.wustl.catissuecore.domainobject"/>
<ns98:TissueSpecimen id="601" type="Frozen Tissue Slide" available="true" positionDimensionOne="17" positionDimensionTwo="15" barcode="ISBN-10 AB89-0113XY" comments="AT 4 DEGREES FOR 2 DAYS" activityStatus="Active" quantityInGram="26.0" availableQuantityInGram="25.5" xmlns:ns98="gme://caCORE.cabig/3.0/edu.wustl.catissuecore.domainobject"/>
<ns99:TissueSpecimen id="602" type="Fixed Tissue Block" available="true" positionDimensionOne="14" positionDimensionTwo="24" barcode="ISBN-10 AB89-0121XY" comments="PATIENT HAS HISTORY OF CANCER" activityStatus="Active" quantityInGram="50.5" availableQuantityInGram="50.0" xmlns:ns99="gme://caCORE.cabig/3.0/edu.wustl.catissuecore.domainobject"/>
<ns100:TissueSpecimen id="603" type="Fixed Tissue Block" available="true" positionDimensionOne="9" positionDimensionTwo="23" barcode="ISBN-10 AB89-0124XY" comments="LEFT BREAST" activityStatus="Active" quantityInGram="0.7" availableQuantityInGram="0.199999988079071" xmlns:ns100="gme://caCORE.cabig/3.0/edu.wustl.catissuecore.domainobject"/>
<ns101:TissueSpecimen id="604" type="Fixed Tissue Block" available="true" positionDimensionOne="24" positionDimensionTwo="5" barcode="ISBN-10 AB89-0134XY" comments="UNKNOWN" activityStatus="Active" quantityInGram="5.0" availableQuantityInGram="4.5" xmlns:ns101="gme://caCORE.cabig/3.0/edu.wustl.catissuecore.domainobject"/>
<ns102:TissueSpecimen id="605" type="Fixed Tissue Block" available="true" positionDimensionOne="16" positionDimensionTwo="20" barcode="ISBN-10 AB89-0157XY" comments="TREATED WITH CHEMO" activityStatus="Active" quantityInGram="12.0" availableQuantityInGram="11.5" xmlns:ns102="gme://caCORE.cabig/3.0/edu.wustl.catissuecore.domainobject"/>
<ns103:TissueSpecimen id="606" type="Fixed Tissue" available="true" positionDimensionOne="18" positionDimensionTwo="9" barcode="ISBN-10 AB89-0166XY" comments="POST CHEMO" activityStatus="Active" quantityInGram="0.68" availableQuantityInGram="0.180000007152557" xmlns:ns103="gme://caCORE.cabig/3.0/edu.wustl.catissuecore.domainobject"/>
<ns104:TissueSpecimen id="607" type="Frozen Tissue" available="true" positionDimensionOne="16" positionDimensionTwo="23" barcode="ISBN-10 AB89-0173XY" comments="FROZEN ON DRY ICE" activityStatus="Active" quantityInGram="10.0" availableQuantityInGram="9.5" xmlns:ns104="gme://caCORE.cabig/3.0/edu.wustl.catissuecore.domainobject"/>
<ns105:TissueSpecimen id="610" type="Fixed Tissue Block" available="true" positionDimensionOne="15" positionDimensionTwo="2" barcode="ISBN-10 AB89-0180XY" comments="UNKNOWN" activityStatus="Active" quantityInGram="15.15" availableQuantityInGram="14.6499996185303" xmlns:ns105="gme://caCORE.cabig/3.0/edu.wustl.catissuecore.domainobject"/>
<ns106:TissueSpecimen id="615" type="Fixed Tissue Block" available="true" positionDimensionOne="14" positionDimensionTwo="17" barcode="ISBN-10 AB89-0231XY" comments="ASCITES FLUID" activityStatus="Active" quantityInGram="30.0" availableQuantityInGram="29.5" xmlns:ns106="gme://caCORE.cabig/3.0/edu.wustl.catissuecore.domainobject"/>
<ns107:TissueSpecimen id="616" type="Fixed Tissue Block" available="true" positionDimensionOne="2" positionDimensionTwo="4" barcode="ISBN-10 AB89-0245XY" comments="N/A" activityStatus="Active" quantityInGram="0.57" availableQuantityInGram="0.0699999928474426" xmlns:ns107="gme://caCORE.cabig/3.0/edu.wustl.catissuecore.domainobject"/>
<ns108:TissueSpecimen id="617" type="Frozen Tissue Block" available="true" positionDimensionOne="20" positionDimensionTwo="3" barcode="ISBN-10 AB89-0247XY" comments="1/2 HOUR WAIT BEFORE FREEZING" activityStatus="Active" quantityInGram="23.0" availableQuantityInGram="22.5" xmlns:ns108="gme://caCORE.cabig/3.0/edu.wustl.catissuecore.domainobject"/>
<ns109:TissueSpecimen id="619" type="Fixed Tissue Block" available="true" positionDimensionOne="20" positionDimensionTwo="24" barcode="ISBN-10 AB89-0250XY" comments="TREATED WITH CHEMO" activityStatus="Active" quantityInGram="1.2" availableQuantityInGram="0.700000047683716" xmlns:ns109="gme://caCORE.cabig/3.0/edu.wustl.catissuecore.domainobject"/>
<ns110:TissueSpecimen id="620" type="Frozen Tissue Block" available="true" positionDimensionOne="1" positionDimensionTwo="15" barcode="ISBN-10 AB89-0262XY" comments="1/2 HOUR WAIT BEFORE FREEZING" activityStatus="Active" quantityInGram="2.0" availableQuantityInGram="1.5" xmlns:ns110="gme://caCORE.cabig/3.0/edu.wustl.catissuecore.domainobject"/>
<ns111:TissueSpecimen id="621" type="Fresh Tissue" available="true" positionDimensionOne="2" positionDimensionTwo="2" barcode="ISBN-10 AB89-0264XY" comments="LARGE CHUNKS" activityStatus="Active" quantityInGram="14.25" availableQuantityInGram="13.75" xmlns:ns111="gme://caCORE.cabig/3.0/edu.wustl.catissuecore.domainobject"/>
<ns112:TissueSpecimen id="623" type="Fixed Tissue Block" available="true" positionDimensionOne="3" positionDimensionTwo="23" barcode="ISBN-10 AB89-0272XY" comments="PATIENT HAS HISTORY OF CANCER" activityStatus="Active" quantityInGram="5.1" availableQuantityInGram="4.59999990463257" xmlns:ns112="gme://caCORE.cabig/3.0/edu.wustl.catissuecore.domainobject"/>
<ns113:TissueSpecimen id="632" type="Fixed Tissue Slide" available="true" positionDimensionOne="15" positionDimensionTwo="9" barcode="ISBN-10 AB89-0416XY" comments="SPECIMEN IN SALINE OVERNIGHT" activityStatus="Active" quantityInGram="50.5" availableQuantityInGram="50.0" xmlns:ns113="gme://caCORE.cabig/3.0/edu.wustl.catissuecore.domainobject"/>
<ns114:TissueSpecimen id="633" type="Fixed Tissue Block" available="true" positionDimensionOne="9" positionDimensionTwo="12" barcode="ISBN-10 AB89-0417XY" comments="ASCITES FLUID" activityStatus="Active" quantityInGram="10.25" availableQuantityInGram="9.75" xmlns:ns114="gme://caCORE.cabig/3.0/edu.wustl.catissuecore.domainobject"/>
<ns115:TissueSpecimen id="634" type="Fixed Tissue Block" available="true" positionDimensionOne="9" positionDimensionTwo="6" barcode="ISBN-10 AB89-0418XY" comments="PATIENT WAS ON CHEMO" activityStatus="Active" quantityInGram="19.5" availableQuantityInGram="19.0" xmlns:ns115="gme://caCORE.cabig/3.0/edu.wustl.catissuecore.domainobject"/>
<ns116:TissueSpecimen id="635" type="Fixed Tissue Block" available="true" positionDimensionOne="1" positionDimensionTwo="20" barcode="ISBN-10 AB89-0426XY" comments="LEFT BREAST" activityStatus="Active" quantityInGram="100.0" availableQuantityInGram="99.5" xmlns:ns116="gme://caCORE.cabig/3.0/edu.wustl.catissuecore.domainobject"/>
<ns117:TissueSpecimen id="636" type="Frozen Tissue Block" available="true" positionDimensionOne="21" positionDimensionTwo="8" barcode="ISBN-10 AB89-0428XY" comments="1/2 HOUR WAIT BEFORE FREEZING" activityStatus="Active" quantityInGram="1.1" availableQuantityInGram="0.600000023841858" xmlns:ns117="gme://caCORE.cabig/3.0/edu.wustl.catissuecore.domainobject"/>
<ns118:TissueSpecimen id="637" type="Frozen Tissue Slide" available="true" positionDimensionOne="9" positionDimensionTwo="24" barcode="ISBN-10 AB89-0451XY" comments="AT 4 DEGREES FOR 2 DAYS" activityStatus="Active" quantityInGram="20.0" availableQuantityInGram="19.5" xmlns:ns118="gme://caCORE.cabig/3.0/edu.wustl.catissuecore.domainobject"/>
<ns119:TissueSpecimen id="638" type="Fresh Tissue" available="true" positionDimensionOne="4" positionDimensionTwo="4" barcode="ISBN-10 AB89-0453XY" comments="LARGE CHUNKS" activityStatus="Active" quantityInGram="25.15" availableQuantityInGram="24.6499996185303" xmlns:ns119="gme://caCORE.cabig/3.0/edu.wustl.catissuecore.domainobject"/>
<ns120:TissueSpecimen id="639" type="Fixed Tissue Block" available="true" positionDimensionOne="5" positionDimensionTwo="2" barcode="ISBN-10 AB89-0454XY" comments="N/A" activityStatus="Active" quantityInGram="3.0" availableQuantityInGram="2.5" xmlns:ns120="gme://caCORE.cabig/3.0/edu.wustl.catissuecore.domainobject"/>
<ns121:TissueSpecimen id="642" type="Fixed Tissue Block" available="true" positionDimensionOne="3" positionDimensionTwo="22" barcode="ISBN-10 AB89-0506XY" comments="UNKNOWN" activityStatus="Active" quantityInGram="20.0" availableQuantityInGram="19.5" xmlns:ns121="gme://caCORE.cabig/3.0/edu.wustl.catissuecore.domainobject"/>
<ns122:TissueSpecimen id="644" type="Fixed Tissue Block" available="true" positionDimensionOne="18" positionDimensionTwo="19" barcode="ISBN-10 AB89-0538XY" comments="FROZEN AT -20" activityStatus="Active" quantityInGram="132.75" availableQuantityInGram="132.25" xmlns:ns122="gme://caCORE.cabig/3.0/edu.wustl.catissuecore.domainobject"/>
<ns123:TissueSpecimen id="645" type="Fixed Tissue Block" available="true" positionDimensionOne="19" positionDimensionTwo="8" barcode="ISBN-10 AB89-0546XY" comments="ROOM TEMP FOR 2 DAYS" activityStatus="Active" quantityInGram="0.9" availableQuantityInGram="0.399999976158142" xmlns:ns123="gme://caCORE.cabig/3.0/edu.wustl.catissuecore.domainobject"/>
<ns124:TissueSpecimen id="646" type="Fixed Tissue Block" available="true" positionDimensionOne="17" positionDimensionTwo="23" barcode="ISBN-10 AB89-0572XY" comments="ASCITES FLUID" activityStatus="Active" quantityInGram="200.0" availableQuantityInGram="199.5" xmlns:ns124="gme://caCORE.cabig/3.0/edu.wustl.catissuecore.domainobject"/>
]]></system-out>
  <system-err><![CDATA[]]></system-err>
</testsuite>
